[2022-02-20 01:02:46,212] INFO Creating topic __consumer_offsets with configuration {compression.type=producer, cleanup.policy=compact, segment.bytes=104857600} and initial partition assignment Map(23 -> ArrayBuffer(0), 32 -> ArrayBuffer(0), 41 -> ArrayBuffer(0), 17 -> ArrayBuffer(0), 8 -> ArrayBuffer(0), 35 -> ArrayBuffer(0), 44 -> ArrayBuffer(0), 26 -> ArrayBuffer(0), 11 -> ArrayBuffer(0), 29 -> ArrayBuffer(0), 38 -> ArrayBuffer(0), 47 -> ArrayBuffer(0), 20 -> ArrayBuffer(0), 2 -> ArrayBuffer(0), 5 -> ArrayBuffer(0), 14 -> ArrayBuffer(0), 46 -> ArrayBuffer(0), 49 -> ArrayBuffer(0), 40 -> ArrayBuffer(0), 13 -> ArrayBuffer(0), 4 -> ArrayBuffer(0), 22 -> ArrayBuffer(0), 31 -> ArrayBuffer(0), 16 -> ArrayBuffer(0), 7 -> ArrayBuffer(0), 43 -> ArrayBuffer(0), 25 -> ArrayBuffer(0), 34 -> ArrayBuffer(0), 10 -> ArrayBuffer(0), 37 -> ArrayBuffer(0), 1 -> ArrayBuffer(0), 19 -> ArrayBuffer(0), 28 -> ArrayBuffer(0), 45 -> ArrayBuffer(0), 27 -> ArrayBuffer(0), 36 -> ArrayBuffer(0), 18 -> ArrayBuffer(0), 9 -> ArrayBuffer(0), 21 -> ArrayBuffer(0), 48 -> ArrayBuffer(0), 3 -> ArrayBuffer(0), 12 -> ArrayBuffer(0), 30 -> ArrayBuffer(0), 39 -> ArrayBuffer(0), 15 -> ArrayBuffer(0), 42 -> ArrayBuffer(0), 24 -> ArrayBuffer(0), 6 -> ArrayBuffer(0), 33 -> ArrayBuffer(0), 0 -> ArrayBuffer(0)) (kafka.zk.AdminZkClient)
[2022-02-20 01:02:46,741] INFO [Controller id=0, targetBrokerId=0] Node 0 disconnected. (org.apache.kafka.clients.NetworkClient)
[2022-02-20 01:02:46,873] INFO [ReplicaFetcherManager on broker 0] Removed fetcher for partitions Set(__consumer_offsets-22, __consumer_offsets-30, __consumer_offsets-8, __consumer_offsets-21, __consumer_offsets-4, __consumer_offsets-27, __consumer_offsets-7, __consumer_offsets-9, __consumer_offsets-46, __consumer_offsets-25, __consumer_offsets-35, __consumer_offsets-41, __consumer_offsets-33, __consumer_offsets-23, __consumer_offsets-49, __consumer_offsets-47, __consumer_offsets-16, __consumer_offsets-28, __consumer_offsets-31, __consumer_offsets-36, __consumer_offsets-42, __consumer_offsets-3, __consumer_offsets-18, __consumer_offsets-37, __consumer_offsets-15, __consumer_offsets-24, __consumer_offsets-38, __consumer_offsets-17, __consumer_offsets-48, __consumer_offsets-19, __consumer_offsets-11, __consumer_offsets-13, __consumer_offsets-2, __consumer_offsets-43, __consumer_offsets-6, __consumer_offsets-14, __consumer_offsets-20, __consumer_offsets-0, __consumer_offsets-44, __consumer_offsets-39, __consumer_offsets-12, __consumer_offsets-45, __consumer_offsets-1, __consumer_offsets-5, __consumer_offsets-26, __consumer_offsets-29, __consumer_offsets-34, __consumer_offsets-10, __consumer_offsets-32, __consumer_offsets-40) (kafka.server.ReplicaFetcherManager)
[2022-02-20 01:02:46,885] INFO [LogLoader partition=__consumer_offsets-0, dir=/tmp/kafka-logs] Loading producer state till offset 0 with message format version 2 (kafka.log.UnifiedLog$)
[2022-02-20 01:02:46,901] INFO Created log for partition __consumer_offsets-0 in /tmp/kafka-logs/__consumer_offsets-0 with properties {cleanup.policy=compact, compression.type="producer", segment.bytes=104857600} (kafka.log.LogManager)
[2022-02-20 01:02:46,902] INFO [Partition __consumer_offsets-0 broker=0] No checkpointed highwatermark is found for partition __consumer_offsets-0 (kafka.cluster.Partition)
[2022-02-20 01:02:46,902] INFO [Partition __consumer_offsets-0 broker=0] Log loaded for partition __consumer_offsets-0 with initial high watermark 0 (kafka.cluster.Partition)
[2022-02-20 01:02:46,915] INFO [LogLoader partition=__consumer_offsets-29, dir=/tmp/kafka-logs] Loading producer state till offset 0 with message format version 2 (kafka.log.UnifiedLog$)
[2022-02-20 01:02:46,917] INFO Created log for partition __consumer_offsets-29 in /tmp/kafka-logs/__consumer_offsets-29 with properties {cleanup.policy=compact, compression.type="producer", segment.bytes=104857600} (kafka.log.LogManager)
[2022-02-20 01:02:46,917] INFO [Partition __consumer_offsets-29 broker=0] No checkpointed highwatermark is found for partition __consumer_offsets-29 (kafka.cluster.Partition)
[2022-02-20 01:02:46,921] INFO [Partition __consumer_offsets-29 broker=0] Log loaded for partition __consumer_offsets-29 with initial high watermark 0 (kafka.cluster.Partition)
[2022-02-20 01:02:46,932] INFO [LogLoader partition=__consumer_offsets-48, dir=/tmp/kafka-logs] Loading producer state till offset 0 with message format version 2 (kafka.log.UnifiedLog$)
[2022-02-20 01:02:46,938] INFO Created log for partition __consumer_offsets-48 in /tmp/kafka-logs/__consumer_offsets-48 with properties {cleanup.policy=compact, compression.type="producer", segment.bytes=104857600} (kafka.log.LogManager)
[2022-02-20 01:02:46,939] INFO [Partition __consumer_offsets-48 broker=0] No checkpointed highwatermark is found for partition __consumer_offsets-48 (kafka.cluster.Partition)
[2022-02-20 01:02:46,939] INFO [Partition __consumer_offsets-48 broker=0] Log loaded for partition __consumer_offsets-48 with initial high watermark 0 (kafka.cluster.Partition)
[2022-02-20 01:02:46,955] INFO [LogLoader partition=__consumer_offsets-10, dir=/tmp/kafka-logs] Loading producer state till offset 0 with message format version 2 (kafka.log.UnifiedLog$)
[2022-02-20 01:02:46,966] INFO Created log for partition __consumer_offsets-10 in /tmp/kafka-logs/__consumer_offsets-10 with properties {cleanup.policy=compact, compression.type="producer", segment.bytes=104857600} (kafka.log.LogManager)
[2022-02-20 01:02:46,971] INFO [Partition __consumer_offsets-10 broker=0] No checkpointed highwatermark is found for partition __consumer_offsets-10 (kafka.cluster.Partition)
[2022-02-20 01:02:46,971] INFO [Partition __consumer_offsets-10 broker=0] Log loaded for partition __consumer_offsets-10 with initial high watermark 0 (kafka.cluster.Partition)
[2022-02-20 01:02:46,985] INFO [LogLoader partition=__consumer_offsets-45, dir=/tmp/kafka-logs] Loading producer state till offset 0 with message format version 2 (kafka.log.UnifiedLog$)
[2022-02-20 01:02:46,992] INFO Created log for partition __consumer_offsets-45 in /tmp/kafka-logs/__consumer_offsets-45 with properties {cleanup.policy=compact, compression.type="producer", segment.bytes=104857600} (kafka.log.LogManager)
[2022-02-20 01:02:46,993] INFO [Partition __consumer_offsets-45 broker=0] No checkpointed highwatermark is found for partition __consumer_offsets-45 (kafka.cluster.Partition)
[2022-02-20 01:02:46,993] INFO [Partition __consumer_offsets-45 broker=0] Log loaded for partition __consumer_offsets-45 with initial high watermark 0 (kafka.cluster.Partition)
[2022-02-20 01:02:47,005] INFO [LogLoader partition=__consumer_offsets-26, dir=/tmp/kafka-logs] Loading producer state till offset 0 with message format version 2 (kafka.log.UnifiedLog$)
[2022-02-20 01:02:47,012] INFO Created log for partition __consumer_offsets-26 in /tmp/kafka-logs/__consumer_offsets-26 with properties {cleanup.policy=compact, compression.type="producer", segment.bytes=104857600} (kafka.log.LogManager)
[2022-02-20 01:02:47,012] INFO [Partition __consumer_offsets-26 broker=0] No checkpointed highwatermark is found for partition __consumer_offsets-26 (kafka.cluster.Partition)
[2022-02-20 01:02:47,012] INFO [Partition __consumer_offsets-26 broker=0] Log loaded for partition __consumer_offsets-26 with initial high watermark 0 (kafka.cluster.Partition)
[2022-02-20 01:02:47,025] INFO [LogLoader partition=__consumer_offsets-7, dir=/tmp/kafka-logs] Loading producer state till offset 0 with message format version 2 (kafka.log.UnifiedLog$)
[2022-02-20 01:02:47,028] INFO Created log for partition __consumer_offsets-7 in /tmp/kafka-logs/__consumer_offsets-7 with properties {cleanup.policy=compact, compression.type="producer", segment.bytes=104857600} (kafka.log.LogManager)
[2022-02-20 01:02:47,029] INFO [Partition __consumer_offsets-7 broker=0] No checkpointed highwatermark is found for partition __consumer_offsets-7 (kafka.cluster.Partition)
[2022-02-20 01:02:47,029] INFO [Partition __consumer_offsets-7 broker=0] Log loaded for partition __consumer_offsets-7 with initial high watermark 0 (kafka.cluster.Partition)
[2022-02-20 01:02:47,038] INFO [LogLoader partition=__consumer_offsets-42, dir=/tmp/kafka-logs] Loading producer state till offset 0 with message format version 2 (kafka.log.UnifiedLog$)
[2022-02-20 01:02:47,055] INFO Created log for partition __consumer_offsets-42 in /tmp/kafka-logs/__consumer_offsets-42 with properties {cleanup.policy=compact, compression.type="producer", segment.bytes=104857600} (kafka.log.LogManager)
[2022-02-20 01:02:47,055] INFO [Partition __consumer_offsets-42 broker=0] No checkpointed highwatermark is found for partition __consumer_offsets-42 (kafka.cluster.Partition)
[2022-02-20 01:02:47,056] INFO [Partition __consumer_offsets-42 broker=0] Log loaded for partition __consumer_offsets-42 with initial high watermark 0 (kafka.cluster.Partition)
[2022-02-20 01:02:47,139] INFO [LogLoader partition=__consumer_offsets-4, dir=/tmp/kafka-logs] Loading producer state till offset 0 with message format version 2 (kafka.log.UnifiedLog$)
[2022-02-20 01:02:47,154] INFO Created log for partition __consumer_offsets-4 in /tmp/kafka-logs/__consumer_offsets-4 with properties {cleanup.policy=compact, compression.type="producer", segment.bytes=104857600} (kafka.log.LogManager)
[2022-02-20 01:02:47,154] INFO [Partition __consumer_offsets-4 broker=0] No checkpointed highwatermark is found for partition __consumer_offsets-4 (kafka.cluster.Partition)
[2022-02-20 01:02:47,154] INFO [Partition __consumer_offsets-4 broker=0] Log loaded for partition __consumer_offsets-4 with initial high watermark 0 (kafka.cluster.Partition)
[2022-02-20 01:02:47,213] INFO [LogLoader partition=__consumer_offsets-23, dir=/tmp/kafka-logs] Loading producer state till offset 0 with message format version 2 (kafka.log.UnifiedLog$)
[2022-02-20 01:02:47,229] INFO Created log for partition __consumer_offsets-23 in /tmp/kafka-logs/__consumer_offsets-23 with properties {cleanup.policy=compact, compression.type="producer", segment.bytes=104857600} (kafka.log.LogManager)
[2022-02-20 01:02:47,239] INFO [Partition __consumer_offsets-23 broker=0] No checkpointed highwatermark is found for partition __consumer_offsets-23 (kafka.cluster.Partition)
[2022-02-20 01:02:47,240] INFO [Partition __consumer_offsets-23 broker=0] Log loaded for partition __consumer_offsets-23 with initial high watermark 0 (kafka.cluster.Partition)
[2022-02-20 01:02:47,253] INFO [LogLoader partition=__consumer_offsets-1, dir=/tmp/kafka-logs] Loading producer state till offset 0 with message format version 2 (kafka.log.UnifiedLog$)
[2022-02-20 01:02:47,261] INFO Created log for partition __consumer_offsets-1 in /tmp/kafka-logs/__consumer_offsets-1 with properties {cleanup.policy=compact, compression.type="producer", segment.bytes=104857600} (kafka.log.LogManager)
[2022-02-20 01:02:47,261] INFO [Partition __consumer_offsets-1 broker=0] No checkpointed highwatermark is found for partition __consumer_offsets-1 (kafka.cluster.Partition)
[2022-02-20 01:02:47,261] INFO [Partition __consumer_offsets-1 broker=0] Log loaded for partition __consumer_offsets-1 with initial high watermark 0 (kafka.cluster.Partition)
[2022-02-20 01:02:47,272] INFO [LogLoader partition=__consumer_offsets-20, dir=/tmp/kafka-logs] Loading producer state till offset 0 with message format version 2 (kafka.log.UnifiedLog$)
[2022-02-20 01:02:47,277] INFO Created log for partition __consumer_offsets-20 in /tmp/kafka-logs/__consumer_offsets-20 with properties {cleanup.policy=compact, compression.type="producer", segment.bytes=104857600} (kafka.log.LogManager)
[2022-02-20 01:02:47,293] INFO [Partition __consumer_offsets-20 broker=0] No checkpointed highwatermark is found for partition __consumer_offsets-20 (kafka.cluster.Partition)
[2022-02-20 01:02:47,293] INFO [Partition __consumer_offsets-20 broker=0] Log loaded for partition __consumer_offsets-20 with initial high watermark 0 (kafka.cluster.Partition)
[2022-02-20 01:02:47,310] INFO [LogLoader partition=__consumer_offsets-39, dir=/tmp/kafka-logs] Loading producer state till offset 0 with message format version 2 (kafka.log.UnifiedLog$)
[2022-02-20 01:02:47,315] INFO Created log for partition __consumer_offsets-39 in /tmp/kafka-logs/__consumer_offsets-39 with properties {cleanup.policy=compact, compression.type="producer", segment.bytes=104857600} (kafka.log.LogManager)
[2022-02-20 01:02:47,315] INFO [Partition __consumer_offsets-39 broker=0] No checkpointed highwatermark is found for partition __consumer_offsets-39 (kafka.cluster.Partition)
[2022-02-20 01:02:47,315] INFO [Partition __consumer_offsets-39 broker=0] Log loaded for partition __consumer_offsets-39 with initial high watermark 0 (kafka.cluster.Partition)
[2022-02-20 01:02:47,330] INFO [LogLoader partition=__consumer_offsets-17, dir=/tmp/kafka-logs] Loading producer state till offset 0 with message format version 2 (kafka.log.UnifiedLog$)
[2022-02-20 01:02:47,338] INFO Created log for partition __consumer_offsets-17 in /tmp/kafka-logs/__consumer_offsets-17 with properties {cleanup.policy=compact, compression.type="producer", segment.bytes=104857600} (kafka.log.LogManager)
[2022-02-20 01:02:47,340] INFO [Partition __consumer_offsets-17 broker=0] No checkpointed highwatermark is found for partition __consumer_offsets-17 (kafka.cluster.Partition)
[2022-02-20 01:02:47,340] INFO [Partition __consumer_offsets-17 broker=0] Log loaded for partition __consumer_offsets-17 with initial high watermark 0 (kafka.cluster.Partition)
[2022-02-20 01:02:47,355] INFO [LogLoader partition=__consumer_offsets-36, dir=/tmp/kafka-logs] Loading producer state till offset 0 with message format version 2 (kafka.log.UnifiedLog$)
[2022-02-20 01:02:47,358] INFO Created log for partition __consumer_offsets-36 in /tmp/kafka-logs/__consumer_offsets-36 with properties {cleanup.policy=compact, compression.type="producer", segment.bytes=104857600} (kafka.log.LogManager)
[2022-02-20 01:02:47,359] INFO [Partition __consumer_offsets-36 broker=0] No checkpointed highwatermark is found for partition __consumer_offsets-36 (kafka.cluster.Partition)
[2022-02-20 01:02:47,359] INFO [Partition __consumer_offsets-36 broker=0] Log loaded for partition __consumer_offsets-36 with initial high watermark 0 (kafka.cluster.Partition)
[2022-02-20 01:02:47,372] INFO [LogLoader partition=__consumer_offsets-14, dir=/tmp/kafka-logs] Loading producer state till offset 0 with message format version 2 (kafka.log.UnifiedLog$)
[2022-02-20 01:02:47,376] INFO Created log for partition __consumer_offsets-14 in /tmp/kafka-logs/__consumer_offsets-14 with properties {cleanup.policy=compact, compression.type="producer", segment.bytes=104857600} (kafka.log.LogManager)
[2022-02-20 01:02:47,377] INFO [Partition __consumer_offsets-14 broker=0] No checkpointed highwatermark is found for partition __consumer_offsets-14 (kafka.cluster.Partition)
[2022-02-20 01:02:47,378] INFO [Partition __consumer_offsets-14 broker=0] Log loaded for partition __consumer_offsets-14 with initial high watermark 0 (kafka.cluster.Partition)
[2022-02-20 01:02:47,409] INFO [LogLoader partition=__consumer_offsets-33, dir=/tmp/kafka-logs] Loading producer state till offset 0 with message format version 2 (kafka.log.UnifiedLog$)
[2022-02-20 01:02:47,424] INFO Created log for partition __consumer_offsets-33 in /tmp/kafka-logs/__consumer_offsets-33 with properties {cleanup.policy=compact, compression.type="producer", segment.bytes=104857600} (kafka.log.LogManager)
[2022-02-20 01:02:47,424] INFO [Partition __consumer_offsets-33 broker=0] No checkpointed highwatermark is found for partition __consumer_offsets-33 (kafka.cluster.Partition)
[2022-02-20 01:02:47,425] INFO [Partition __consumer_offsets-33 broker=0] Log loaded for partition __consumer_offsets-33 with initial high watermark 0 (kafka.cluster.Partition)
[2022-02-20 01:02:47,455] INFO [LogLoader partition=__consumer_offsets-49, dir=/tmp/kafka-logs] Loading producer state till offset 0 with message format version 2 (kafka.log.UnifiedLog$)
[2022-02-20 01:02:47,461] INFO Created log for partition __consumer_offsets-49 in /tmp/kafka-logs/__consumer_offsets-49 with properties {cleanup.policy=compact, compression.type="producer", segment.bytes=104857600} (kafka.log.LogManager)
[2022-02-20 01:02:47,461] INFO [Partition __consumer_offsets-49 broker=0] No checkpointed highwatermark is found for partition __consumer_offsets-49 (kafka.cluster.Partition)
[2022-02-20 01:02:47,463] INFO [Partition __consumer_offsets-49 broker=0] Log loaded for partition __consumer_offsets-49 with initial high watermark 0 (kafka.cluster.Partition)
[2022-02-20 01:02:47,473] INFO [LogLoader partition=__consumer_offsets-11, dir=/tmp/kafka-logs] Loading producer state till offset 0 with message format version 2 (kafka.log.UnifiedLog$)
[2022-02-20 01:02:47,480] INFO Created log for partition __consumer_offsets-11 in /tmp/kafka-logs/__consumer_offsets-11 with properties {cleanup.policy=compact, compression.type="producer", segment.bytes=104857600} (kafka.log.LogManager)
[2022-02-20 01:02:47,481] INFO [Partition __consumer_offsets-11 broker=0] No checkpointed highwatermark is found for partition __consumer_offsets-11 (kafka.cluster.Partition)
[2022-02-20 01:02:47,481] INFO [Partition __consumer_offsets-11 broker=0] Log loaded for partition __consumer_offsets-11 with initial high watermark 0 (kafka.cluster.Partition)
[2022-02-20 01:02:47,514] INFO [LogLoader partition=__consumer_offsets-30, dir=/tmp/kafka-logs] Loading producer state till offset 0 with message format version 2 (kafka.log.UnifiedLog$)
[2022-02-20 01:02:47,518] INFO Created log for partition __consumer_offsets-30 in /tmp/kafka-logs/__consumer_offsets-30 with properties {cleanup.policy=compact, compression.type="producer", segment.bytes=104857600} (kafka.log.LogManager)
[2022-02-20 01:02:47,519] INFO [Partition __consumer_offsets-30 broker=0] No checkpointed highwatermark is found for partition __consumer_offsets-30 (kafka.cluster.Partition)
[2022-02-20 01:02:47,519] INFO [Partition __consumer_offsets-30 broker=0] Log loaded for partition __consumer_offsets-30 with initial high watermark 0 (kafka.cluster.Partition)
[2022-02-20 01:02:47,537] INFO [LogLoader partition=__consumer_offsets-46, dir=/tmp/kafka-logs] Loading producer state till offset 0 with message format version 2 (kafka.log.UnifiedLog$)
[2022-02-20 01:02:47,542] INFO Created log for partition __consumer_offsets-46 in /tmp/kafka-logs/__consumer_offsets-46 with properties {cleanup.policy=compact, compression.type="producer", segment.bytes=104857600} (kafka.log.LogManager)
[2022-02-20 01:02:47,542] INFO [Partition __consumer_offsets-46 broker=0] No checkpointed highwatermark is found for partition __consumer_offsets-46 (kafka.cluster.Partition)
[2022-02-20 01:02:47,542] INFO [Partition __consumer_offsets-46 broker=0] Log loaded for partition __consumer_offsets-46 with initial high watermark 0 (kafka.cluster.Partition)
[2022-02-20 01:02:47,556] INFO [LogLoader partition=__consumer_offsets-27, dir=/tmp/kafka-logs] Loading producer state till offset 0 with message format version 2 (kafka.log.UnifiedLog$)
[2022-02-20 01:02:47,560] INFO Created log for partition __consumer_offsets-27 in /tmp/kafka-logs/__consumer_offsets-27 with properties {cleanup.policy=compact, compression.type="producer", segment.bytes=104857600} (kafka.log.LogManager)
[2022-02-20 01:02:47,561] INFO [Partition __consumer_offsets-27 broker=0] No checkpointed highwatermark is found for partition __consumer_offsets-27 (kafka.cluster.Partition)
[2022-02-20 01:02:47,561] INFO [Partition __consumer_offsets-27 broker=0] Log loaded for partition __consumer_offsets-27 with initial high watermark 0 (kafka.cluster.Partition)
[2022-02-20 01:02:47,571] INFO [LogLoader partition=__consumer_offsets-8, dir=/tmp/kafka-logs] Loading producer state till offset 0 with message format version 2 (kafka.log.UnifiedLog$)
[2022-02-20 01:02:47,573] INFO Created log for partition __consumer_offsets-8 in /tmp/kafka-logs/__consumer_offsets-8 with properties {cleanup.policy=compact, compression.type="producer", segment.bytes=104857600} (kafka.log.LogManager)
[2022-02-20 01:02:47,574] INFO [Partition __consumer_offsets-8 broker=0] No checkpointed highwatermark is found for partition __consumer_offsets-8 (kafka.cluster.Partition)
[2022-02-20 01:02:47,575] INFO [Partition __consumer_offsets-8 broker=0] Log loaded for partition __consumer_offsets-8 with initial high watermark 0 (kafka.cluster.Partition)
[2022-02-20 01:02:47,607] INFO [LogLoader partition=__consumer_offsets-24, dir=/tmp/kafka-logs] Loading producer state till offset 0 with message format version 2 (kafka.log.UnifiedLog$)
[2022-02-20 01:02:47,612] INFO Created log for partition __consumer_offsets-24 in /tmp/kafka-logs/__consumer_offsets-24 with properties {cleanup.policy=compact, compression.type="producer", segment.bytes=104857600} (kafka.log.LogManager)
[2022-02-20 01:02:47,612] INFO [Partition __consumer_offsets-24 broker=0] No checkpointed highwatermark is found for partition __consumer_offsets-24 (kafka.cluster.Partition)
[2022-02-20 01:02:47,613] INFO [Partition __consumer_offsets-24 broker=0] Log loaded for partition __consumer_offsets-24 with initial high watermark 0 (kafka.cluster.Partition)
[2022-02-20 01:02:47,627] INFO [LogLoader partition=__consumer_offsets-43, dir=/tmp/kafka-logs] Loading producer state till offset 0 with message format version 2 (kafka.log.UnifiedLog$)
[2022-02-20 01:02:47,633] INFO Created log for partition __consumer_offsets-43 in /tmp/kafka-logs/__consumer_offsets-43 with properties {cleanup.policy=compact, compression.type="producer", segment.bytes=104857600} (kafka.log.LogManager)
[2022-02-20 01:02:47,634] INFO [Partition __consumer_offsets-43 broker=0] No checkpointed highwatermark is found for partition __consumer_offsets-43 (kafka.cluster.Partition)
[2022-02-20 01:02:47,634] INFO [Partition __consumer_offsets-43 broker=0] Log loaded for partition __consumer_offsets-43 with initial high watermark 0 (kafka.cluster.Partition)
[2022-02-20 01:02:47,646] INFO [LogLoader partition=__consumer_offsets-5, dir=/tmp/kafka-logs] Loading producer state till offset 0 with message format version 2 (kafka.log.UnifiedLog$)
[2022-02-20 01:02:47,649] INFO Created log for partition __consumer_offsets-5 in /tmp/kafka-logs/__consumer_offsets-5 with properties {cleanup.policy=compact, compression.type="producer", segment.bytes=104857600} (kafka.log.LogManager)
[2022-02-20 01:02:47,651] INFO [Partition __consumer_offsets-5 broker=0] No checkpointed highwatermark is found for partition __consumer_offsets-5 (kafka.cluster.Partition)
[2022-02-20 01:02:47,651] INFO [Partition __consumer_offsets-5 broker=0] Log loaded for partition __consumer_offsets-5 with initial high watermark 0 (kafka.cluster.Partition)
[2022-02-20 01:02:47,661] INFO [LogLoader partition=__consumer_offsets-21, dir=/tmp/kafka-logs] Loading producer state till offset 0 with message format version 2 (kafka.log.UnifiedLog$)
[2022-02-20 01:02:47,662] INFO Created log for partition __consumer_offsets-21 in /tmp/kafka-logs/__consumer_offsets-21 with properties {cleanup.policy=compact, compression.type="producer", segment.bytes=104857600} (kafka.log.LogManager)
[2022-02-20 01:02:47,662] INFO [Partition __consumer_offsets-21 broker=0] No checkpointed highwatermark is found for partition __consumer_offsets-21 (kafka.cluster.Partition)
[2022-02-20 01:02:47,662] INFO [Partition __consumer_offsets-21 broker=0] Log loaded for partition __consumer_offsets-21 with initial high watermark 0 (kafka.cluster.Partition)
[2022-02-20 01:02:47,674] INFO [LogLoader partition=__consumer_offsets-40, dir=/tmp/kafka-logs] Loading producer state till offset 0 with message format version 2 (kafka.log.UnifiedLog$)
[2022-02-20 01:02:47,677] INFO Created log for partition __consumer_offsets-40 in /tmp/kafka-logs/__consumer_offsets-40 with properties {cleanup.policy=compact, compression.type="producer", segment.bytes=104857600} (kafka.log.LogManager)
[2022-02-20 01:02:47,678] INFO [Partition __consumer_offsets-40 broker=0] No checkpointed highwatermark is found for partition __consumer_offsets-40 (kafka.cluster.Partition)
[2022-02-20 01:02:47,678] INFO [Partition __consumer_offsets-40 broker=0] Log loaded for partition __consumer_offsets-40 with initial high watermark 0 (kafka.cluster.Partition)
[2022-02-20 01:02:47,691] INFO [LogLoader partition=__consumer_offsets-2, dir=/tmp/kafka-logs] Loading producer state till offset 0 with message format version 2 (kafka.log.UnifiedLog$)
[2022-02-20 01:02:47,700] INFO Created log for partition __consumer_offsets-2 in /tmp/kafka-logs/__consumer_offsets-2 with properties {cleanup.policy=compact, compression.type="producer", segment.bytes=104857600} (kafka.log.LogManager)
[2022-02-20 01:02:47,700] INFO [Partition __consumer_offsets-2 broker=0] No checkpointed highwatermark is found for partition __consumer_offsets-2 (kafka.cluster.Partition)
[2022-02-20 01:02:47,700] INFO [Partition __consumer_offsets-2 broker=0] Log loaded for partition __consumer_offsets-2 with initial high watermark 0 (kafka.cluster.Partition)
[2022-02-20 01:02:47,725] INFO [LogLoader partition=__consumer_offsets-37, dir=/tmp/kafka-logs] Loading producer state till offset 0 with message format version 2 (kafka.log.UnifiedLog$)
[2022-02-20 01:02:47,727] INFO Created log for partition __consumer_offsets-37 in /tmp/kafka-logs/__consumer_offsets-37 with properties {cleanup.policy=compact, compression.type="producer", segment.bytes=104857600} (kafka.log.LogManager)
[2022-02-20 01:02:47,728] INFO [Partition __consumer_offsets-37 broker=0] No checkpointed highwatermark is found for partition __consumer_offsets-37 (kafka.cluster.Partition)
[2022-02-20 01:02:47,729] INFO [Partition __consumer_offsets-37 broker=0] Log loaded for partition __consumer_offsets-37 with initial high watermark 0 (kafka.cluster.Partition)
[2022-02-20 01:02:47,740] INFO [LogLoader partition=__consumer_offsets-18, dir=/tmp/kafka-logs] Loading producer state till offset 0 with message format version 2 (kafka.log.UnifiedLog$)
[2022-02-20 01:02:47,743] INFO Created log for partition __consumer_offsets-18 in /tmp/kafka-logs/__consumer_offsets-18 with properties {cleanup.policy=compact, compression.type="producer", segment.bytes=104857600} (kafka.log.LogManager)
[2022-02-20 01:02:47,744] INFO [Partition __consumer_offsets-18 broker=0] No checkpointed highwatermark is found for partition __consumer_offsets-18 (kafka.cluster.Partition)
[2022-02-20 01:02:47,744] INFO [Partition __consumer_offsets-18 broker=0] Log loaded for partition __consumer_offsets-18 with initial high watermark 0 (kafka.cluster.Partition)
[2022-02-20 01:02:47,757] INFO [LogLoader partition=__consumer_offsets-34, dir=/tmp/kafka-logs] Loading producer state till offset 0 with message format version 2 (kafka.log.UnifiedLog$)
[2022-02-20 01:02:47,761] INFO Created log for partition __consumer_offsets-34 in /tmp/kafka-logs/__consumer_offsets-34 with properties {cleanup.policy=compact, compression.type="producer", segment.bytes=104857600} (kafka.log.LogManager)
[2022-02-20 01:02:47,762] INFO [Partition __consumer_offsets-34 broker=0] No checkpointed highwatermark is found for partition __consumer_offsets-34 (kafka.cluster.Partition)
[2022-02-20 01:02:47,762] INFO [Partition __consumer_offsets-34 broker=0] Log loaded for partition __consumer_offsets-34 with initial high watermark 0 (kafka.cluster.Partition)
[2022-02-20 01:02:47,774] INFO [LogLoader partition=__consumer_offsets-15, dir=/tmp/kafka-logs] Loading producer state till offset 0 with message format version 2 (kafka.log.UnifiedLog$)
[2022-02-20 01:02:47,776] INFO Created log for partition __consumer_offsets-15 in /tmp/kafka-logs/__consumer_offsets-15 with properties {cleanup.policy=compact, compression.type="producer", segment.bytes=104857600} (kafka.log.LogManager)
[2022-02-20 01:02:47,776] INFO [Partition __consumer_offsets-15 broker=0] No checkpointed highwatermark is found for partition __consumer_offsets-15 (kafka.cluster.Partition)
[2022-02-20 01:02:47,777] INFO [Partition __consumer_offsets-15 broker=0] Log loaded for partition __consumer_offsets-15 with initial high watermark 0 (kafka.cluster.Partition)
[2022-02-20 01:02:47,789] INFO [LogLoader partition=__consumer_offsets-12, dir=/tmp/kafka-logs] Loading producer state till offset 0 with message format version 2 (kafka.log.UnifiedLog$)
[2022-02-20 01:02:47,792] INFO Created log for partition __consumer_offsets-12 in /tmp/kafka-logs/__consumer_offsets-12 with properties {cleanup.policy=compact, compression.type="producer", segment.bytes=104857600} (kafka.log.LogManager)
[2022-02-20 01:02:47,793] INFO [Partition __consumer_offsets-12 broker=0] No checkpointed highwatermark is found for partition __consumer_offsets-12 (kafka.cluster.Partition)
[2022-02-20 01:02:47,793] INFO [Partition __consumer_offsets-12 broker=0] Log loaded for partition __consumer_offsets-12 with initial high watermark 0 (kafka.cluster.Partition)
[2022-02-20 01:02:47,817] INFO [LogLoader partition=__consumer_offsets-31, dir=/tmp/kafka-logs] Loading producer state till offset 0 with message format version 2 (kafka.log.UnifiedLog$)
[2022-02-20 01:02:47,821] INFO Created log for partition __consumer_offsets-31 in /tmp/kafka-logs/__consumer_offsets-31 with properties {cleanup.policy=compact, compression.type="producer", segment.bytes=104857600} (kafka.log.LogManager)
[2022-02-20 01:02:47,821] INFO [Partition __consumer_offsets-31 broker=0] No checkpointed highwatermark is found for partition __consumer_offsets-31 (kafka.cluster.Partition)
[2022-02-20 01:02:47,821] INFO [Partition __consumer_offsets-31 broker=0] Log loaded for partition __consumer_offsets-31 with initial high watermark 0 (kafka.cluster.Partition)
[2022-02-20 01:02:47,834] INFO [LogLoader partition=__consumer_offsets-9, dir=/tmp/kafka-logs] Loading producer state till offset 0 with message format version 2 (kafka.log.UnifiedLog$)
[2022-02-20 01:02:47,839] INFO Created log for partition __consumer_offsets-9 in /tmp/kafka-logs/__consumer_offsets-9 with properties {cleanup.policy=compact, compression.type="producer", segment.bytes=104857600} (kafka.log.LogManager)
[2022-02-20 01:02:47,841] INFO [Partition __consumer_offsets-9 broker=0] No checkpointed highwatermark is found for partition __consumer_offsets-9 (kafka.cluster.Partition)
[2022-02-20 01:02:47,841] INFO [Partition __consumer_offsets-9 broker=0] Log loaded for partition __consumer_offsets-9 with initial high watermark 0 (kafka.cluster.Partition)
[2022-02-20 01:02:47,850] INFO [LogLoader partition=__consumer_offsets-47, dir=/tmp/kafka-logs] Loading producer state till offset 0 with message format version 2 (kafka.log.UnifiedLog$)
[2022-02-20 01:02:47,852] INFO Created log for partition __consumer_offsets-47 in /tmp/kafka-logs/__consumer_offsets-47 with properties {cleanup.policy=compact, compression.type="producer", segment.bytes=104857600} (kafka.log.LogManager)
[2022-02-20 01:02:47,853] INFO [Partition __consumer_offsets-47 broker=0] No checkpointed highwatermark is found for partition __consumer_offsets-47 (kafka.cluster.Partition)
[2022-02-20 01:02:47,853] INFO [Partition __consumer_offsets-47 broker=0] Log loaded for partition __consumer_offsets-47 with initial high watermark 0 (kafka.cluster.Partition)
[2022-02-20 01:02:47,870] INFO [LogLoader partition=__consumer_offsets-19, dir=/tmp/kafka-logs] Loading producer state till offset 0 with message format version 2 (kafka.log.UnifiedLog$)
[2022-02-20 01:02:47,873] INFO Created log for partition __consumer_offsets-19 in /tmp/kafka-logs/__consumer_offsets-19 with properties {cleanup.policy=compact, compression.type="producer", segment.bytes=104857600} (kafka.log.LogManager)
[2022-02-20 01:02:47,873] INFO [Partition __consumer_offsets-19 broker=0] No checkpointed highwatermark is found for partition __consumer_offsets-19 (kafka.cluster.Partition)
[2022-02-20 01:02:47,873] INFO [Partition __consumer_offsets-19 broker=0] Log loaded for partition __consumer_offsets-19 with initial high watermark 0 (kafka.cluster.Partition)
[2022-02-20 01:02:47,885] INFO [LogLoader partition=__consumer_offsets-28, dir=/tmp/kafka-logs] Loading producer state till offset 0 with message format version 2 (kafka.log.UnifiedLog$)
[2022-02-20 01:02:47,887] INFO Created log for partition __consumer_offsets-28 in /tmp/kafka-logs/__consumer_offsets-28 with properties {cleanup.policy=compact, compression.type="producer", segment.bytes=104857600} (kafka.log.LogManager)
[2022-02-20 01:02:47,888] INFO [Partition __consumer_offsets-28 broker=0] No checkpointed highwatermark is found for partition __consumer_offsets-28 (kafka.cluster.Partition)
[2022-02-20 01:02:47,888] INFO [Partition __consumer_offsets-28 broker=0] Log loaded for partition __consumer_offsets-28 with initial high watermark 0 (kafka.cluster.Partition)
[2022-02-20 01:02:47,916] INFO [LogLoader partition=__consumer_offsets-38, dir=/tmp/kafka-logs] Loading producer state till offset 0 with message format version 2 (kafka.log.UnifiedLog$)
[2022-02-20 01:02:47,919] INFO Created log for partition __consumer_offsets-38 in /tmp/kafka-logs/__consumer_offsets-38 with properties {cleanup.policy=compact, compression.type="producer", segment.bytes=104857600} (kafka.log.LogManager)
[2022-02-20 01:02:47,923] INFO [Partition __consumer_offsets-38 broker=0] No checkpointed highwatermark is found for partition __consumer_offsets-38 (kafka.cluster.Partition)
[2022-02-20 01:02:47,923] INFO [Partition __consumer_offsets-38 broker=0] Log loaded for partition __consumer_offsets-38 with initial high watermark 0 (kafka.cluster.Partition)
[2022-02-20 01:02:47,934] INFO [LogLoader partition=__consumer_offsets-35, dir=/tmp/kafka-logs] Loading producer state till offset 0 with message format version 2 (kafka.log.UnifiedLog$)
[2022-02-20 01:02:47,937] INFO Created log for partition __consumer_offsets-35 in /tmp/kafka-logs/__consumer_offsets-35 with properties {cleanup.policy=compact, compression.type="producer", segment.bytes=104857600} (kafka.log.LogManager)
[2022-02-20 01:02:47,937] INFO [Partition __consumer_offsets-35 broker=0] No checkpointed highwatermark is found for partition __consumer_offsets-35 (kafka.cluster.Partition)
[2022-02-20 01:02:47,938] INFO [Partition __consumer_offsets-35 broker=0] Log loaded for partition __consumer_offsets-35 with initial high watermark 0 (kafka.cluster.Partition)
[2022-02-20 01:02:47,950] INFO [LogLoader partition=__consumer_offsets-6, dir=/tmp/kafka-logs] Loading producer state till offset 0 with message format version 2 (kafka.log.UnifiedLog$)
[2022-02-20 01:02:47,954] INFO Created log for partition __consumer_offsets-6 in /tmp/kafka-logs/__consumer_offsets-6 with properties {cleanup.policy=compact, compression.type="producer", segment.bytes=104857600} (kafka.log.LogManager)
[2022-02-20 01:02:47,955] INFO [Partition __consumer_offsets-6 broker=0] No checkpointed highwatermark is found for partition __consumer_offsets-6 (kafka.cluster.Partition)
[2022-02-20 01:02:47,955] INFO [Partition __consumer_offsets-6 broker=0] Log loaded for partition __consumer_offsets-6 with initial high watermark 0 (kafka.cluster.Partition)
[2022-02-20 01:02:47,965] INFO [LogLoader partition=__consumer_offsets-44, dir=/tmp/kafka-logs] Loading producer state till offset 0 with message format version 2 (kafka.log.UnifiedLog$)
[2022-02-20 01:02:47,968] INFO Created log for partition __consumer_offsets-44 in /tmp/kafka-logs/__consumer_offsets-44 with properties {cleanup.policy=compact, compression.type="producer", segment.bytes=104857600} (kafka.log.LogManager)
[2022-02-20 01:02:47,968] INFO [Partition __consumer_offsets-44 broker=0] No checkpointed highwatermark is found for partition __consumer_offsets-44 (kafka.cluster.Partition)
[2022-02-20 01:02:47,969] INFO [Partition __consumer_offsets-44 broker=0] Log loaded for partition __consumer_offsets-44 with initial high watermark 0 (kafka.cluster.Partition)
[2022-02-20 01:02:47,983] INFO [LogLoader partition=__consumer_offsets-25, dir=/tmp/kafka-logs] Loading producer state till offset 0 with message format version 2 (kafka.log.UnifiedLog$)
[2022-02-20 01:02:47,986] INFO Created log for partition __consumer_offsets-25 in /tmp/kafka-logs/__consumer_offsets-25 with properties {cleanup.policy=compact, compression.type="producer", segment.bytes=104857600} (kafka.log.LogManager)
[2022-02-20 01:02:47,987] INFO [Partition __consumer_offsets-25 broker=0] No checkpointed highwatermark is found for partition __consumer_offsets-25 (kafka.cluster.Partition)
[2022-02-20 01:02:47,987] INFO [Partition __consumer_offsets-25 broker=0] Log loaded for partition __consumer_offsets-25 with initial high watermark 0 (kafka.cluster.Partition)
[2022-02-20 01:02:48,000] INFO [LogLoader partition=__consumer_offsets-16, dir=/tmp/kafka-logs] Loading producer state till offset 0 with message format version 2 (kafka.log.UnifiedLog$)
[2022-02-20 01:02:48,016] INFO Created log for partition __consumer_offsets-16 in /tmp/kafka-logs/__consumer_offsets-16 with properties {cleanup.policy=compact, compression.type="producer", segment.bytes=104857600} (kafka.log.LogManager)
[2022-02-20 01:02:48,016] INFO [Partition __consumer_offsets-16 broker=0] No checkpointed highwatermark is found for partition __consumer_offsets-16 (kafka.cluster.Partition)
[2022-02-20 01:02:48,016] INFO [Partition __consumer_offsets-16 broker=0] Log loaded for partition __consumer_offsets-16 with initial high watermark 0 (kafka.cluster.Partition)
[2022-02-20 01:02:48,034] INFO [LogLoader partition=__consumer_offsets-22, dir=/tmp/kafka-logs] Loading producer state till offset 0 with message format version 2 (kafka.log.UnifiedLog$)
[2022-02-20 01:02:48,037] INFO Created log for partition __consumer_offsets-22 in /tmp/kafka-logs/__consumer_offsets-22 with properties {cleanup.policy=compact, compression.type="producer", segment.bytes=104857600} (kafka.log.LogManager)
[2022-02-20 01:02:48,038] INFO [Partition __consumer_offsets-22 broker=0] No checkpointed highwatermark is found for partition __consumer_offsets-22 (kafka.cluster.Partition)
[2022-02-20 01:02:48,038] INFO [Partition __consumer_offsets-22 broker=0] Log loaded for partition __consumer_offsets-22 with initial high watermark 0 (kafka.cluster.Partition)
[2022-02-20 01:02:48,054] INFO [LogLoader partition=__consumer_offsets-41, dir=/tmp/kafka-logs] Loading producer state till offset 0 with message format version 2 (kafka.log.UnifiedLog$)
[2022-02-20 01:02:48,061] INFO Created log for partition __consumer_offsets-41 in /tmp/kafka-logs/__consumer_offsets-41 with properties {cleanup.policy=compact, compression.type="producer", segment.bytes=104857600} (kafka.log.LogManager)
[2022-02-20 01:02:48,061] INFO [Partition __consumer_offsets-41 broker=0] No checkpointed highwatermark is found for partition __consumer_offsets-41 (kafka.cluster.Partition)
[2022-02-20 01:02:48,061] INFO [Partition __consumer_offsets-41 broker=0] Log loaded for partition __consumer_offsets-41 with initial high watermark 0 (kafka.cluster.Partition)
[2022-02-20 01:02:48,070] INFO [LogLoader partition=__consumer_offsets-32, dir=/tmp/kafka-logs] Loading producer state till offset 0 with message format version 2 (kafka.log.UnifiedLog$)
[2022-02-20 01:02:48,076] INFO Created log for partition __consumer_offsets-32 in /tmp/kafka-logs/__consumer_offsets-32 with properties {cleanup.policy=compact, compression.type="producer", segment.bytes=104857600} (kafka.log.LogManager)
[2022-02-20 01:02:48,076] INFO [Partition __consumer_offsets-32 broker=0] No checkpointed highwatermark is found for partition __consumer_offsets-32 (kafka.cluster.Partition)
[2022-02-20 01:02:48,076] INFO [Partition __consumer_offsets-32 broker=0] Log loaded for partition __consumer_offsets-32 with initial high watermark 0 (kafka.cluster.Partition)
[2022-02-20 01:02:48,086] INFO [LogLoader partition=__consumer_offsets-3, dir=/tmp/kafka-logs] Loading producer state till offset 0 with message format version 2 (kafka.log.UnifiedLog$)
[2022-02-20 01:02:48,089] INFO Created log for partition __consumer_offsets-3 in /tmp/kafka-logs/__consumer_offsets-3 with properties {cleanup.policy=compact, compression.type="producer", segment.bytes=104857600} (kafka.log.LogManager)
[2022-02-20 01:02:48,090] INFO [Partition __consumer_offsets-3 broker=0] No checkpointed highwatermark is found for partition __consumer_offsets-3 (kafka.cluster.Partition)
[2022-02-20 01:02:48,091] INFO [Partition __consumer_offsets-3 broker=0] Log loaded for partition __consumer_offsets-3 with initial high watermark 0 (kafka.cluster.Partition)
[2022-02-20 01:02:48,103] INFO [LogLoader partition=__consumer_offsets-13, dir=/tmp/kafka-logs] Loading producer state till offset 0 with message format version 2 (kafka.log.UnifiedLog$)
[2022-02-20 01:02:48,117] INFO Created log for partition __consumer_offsets-13 in /tmp/kafka-logs/__consumer_offsets-13 with properties {cleanup.policy=compact, compression.type="producer", segment.bytes=104857600} (kafka.log.LogManager)
[2022-02-20 01:02:48,118] INFO [Partition __consumer_offsets-13 broker=0] No checkpointed highwatermark is found for partition __consumer_offsets-13 (kafka.cluster.Partition)
[2022-02-20 01:02:48,118] INFO [Partition __consumer_offsets-13 broker=0] Log loaded for partition __consumer_offsets-13 with initial high watermark 0 (kafka.cluster.Partition)
[2022-02-20 01:02:48,127] INFO [GroupCoordinator 0]: Elected as the group coordinator for partition 22 in epoch 0 (kafka.coordinator.group.GroupCoordinator)
[2022-02-20 01:02:48,128] INFO [GroupMetadataManager brokerId=0] Scheduling loading of offsets and group metadata from __consumer_offsets-22 for epoch 0 (kafka.coordinator.group.GroupMetadataManager)
[2022-02-20 01:02:48,139] INFO [GroupCoordinator 0]: Elected as the group coordinator for partition 25 in epoch 0 (kafka.coordinator.group.GroupCoordinator)
[2022-02-20 01:02:48,139] INFO [GroupMetadataManager brokerId=0] Scheduling loading of offsets and group metadata from __consumer_offsets-25 for epoch 0 (kafka.coordinator.group.GroupMetadataManager)
[2022-02-20 01:02:48,139] INFO [GroupCoordinator 0]: Elected as the group coordinator for partition 28 in epoch 0 (kafka.coordinator.group.GroupCoordinator)
[2022-02-20 01:02:48,139] INFO [GroupMetadataManager brokerId=0] Scheduling loading of offsets and group metadata from __consumer_offsets-28 for epoch 0 (kafka.coordinator.group.GroupMetadataManager)
[2022-02-20 01:02:48,140] INFO [GroupCoordinator 0]: Elected as the group coordinator for partition 31 in epoch 0 (kafka.coordinator.group.GroupCoordinator)
[2022-02-20 01:02:48,140] INFO [GroupMetadataManager brokerId=0] Scheduling loading of offsets and group metadata from __consumer_offsets-31 for epoch 0 (kafka.coordinator.group.GroupMetadataManager)
[2022-02-20 01:02:48,140] INFO [GroupCoordinator 0]: Elected as the group coordinator for partition 34 in epoch 0 (kafka.coordinator.group.GroupCoordinator)
[2022-02-20 01:02:48,140] INFO [GroupMetadataManager brokerId=0] Scheduling loading of offsets and group metadata from __consumer_offsets-34 for epoch 0 (kafka.coordinator.group.GroupMetadataManager)
[2022-02-20 01:02:48,140] INFO [GroupCoordinator 0]: Elected as the group coordinator for partition 37 in epoch 0 (kafka.coordinator.group.GroupCoordinator)
[2022-02-20 01:02:48,140] INFO [GroupMetadataManager brokerId=0] Scheduling loading of offsets and group metadata from __consumer_offsets-37 for epoch 0 (kafka.coordinator.group.GroupMetadataManager)
[2022-02-20 01:02:48,140] INFO [GroupCoordinator 0]: Elected as the group coordinator for partition 40 in epoch 0 (kafka.coordinator.group.GroupCoordinator)
[2022-02-20 01:02:48,140] INFO [GroupMetadataManager brokerId=0] Scheduling loading of offsets and group metadata from __consumer_offsets-40 for epoch 0 (kafka.coordinator.group.GroupMetadataManager)
[2022-02-20 01:02:48,140] INFO [GroupCoordinator 0]: Elected as the group coordinator for partition 43 in epoch 0 (kafka.coordinator.group.GroupCoordinator)
[2022-02-20 01:02:48,140] INFO [GroupMetadataManager brokerId=0] Scheduling loading of offsets and group metadata from __consumer_offsets-43 for epoch 0 (kafka.coordinator.group.GroupMetadataManager)
[2022-02-20 01:02:48,140] INFO [GroupCoordinator 0]: Elected as the group coordinator for partition 46 in epoch 0 (kafka.coordinator.group.GroupCoordinator)
[2022-02-20 01:02:48,141] INFO [GroupMetadataManager brokerId=0] Scheduling loading of offsets and group metadata from __consumer_offsets-46 for epoch 0 (kafka.coordinator.group.GroupMetadataManager)
[2022-02-20 01:02:48,141] INFO [GroupCoordinator 0]: Elected as the group coordinator for partition 49 in epoch 0 (kafka.coordinator.group.GroupCoordinator)
[2022-02-20 01:02:48,141] INFO [GroupMetadataManager brokerId=0] Scheduling loading of offsets and group metadata from __consumer_offsets-49 for epoch 0 (kafka.coordinator.group.GroupMetadataManager)
[2022-02-20 01:02:48,141] INFO [GroupCoordinator 0]: Elected as the group coordinator for partition 41 in epoch 0 (kafka.coordinator.group.GroupCoordinator)
[2022-02-20 01:02:48,141] INFO [GroupMetadataManager brokerId=0] Scheduling loading of offsets and group metadata from __consumer_offsets-41 for epoch 0 (kafka.coordinator.group.GroupMetadataManager)
[2022-02-20 01:02:48,141] INFO [GroupCoordinator 0]: Elected as the group coordinator for partition 44 in epoch 0 (kafka.coordinator.group.GroupCoordinator)
[2022-02-20 01:02:48,141] INFO [GroupMetadataManager brokerId=0] Scheduling loading of offsets and group metadata from __consumer_offsets-44 for epoch 0 (kafka.coordinator.group.GroupMetadataManager)
[2022-02-20 01:02:48,141] INFO [GroupCoordinator 0]: Elected as the group coordinator for partition 47 in epoch 0 (kafka.coordinator.group.GroupCoordinator)
[2022-02-20 01:02:48,141] INFO [GroupMetadataManager brokerId=0] Scheduling loading of offsets and group metadata from __consumer_offsets-47 for epoch 0 (kafka.coordinator.group.GroupMetadataManager)
[2022-02-20 01:02:48,139] INFO [GroupMetadataManager brokerId=0] Finished loading offsets and group metadata from __consumer_offsets-22 in 10 milliseconds for epoch 0, of which 1 milliseconds was spent in the scheduler. (kafka.coordinator.group.GroupMetadataManager)
[2022-02-20 01:02:48,142] INFO [GroupMetadataManager brokerId=0] Finished loading offsets and group metadata from __consumer_offsets-25 in 3 milliseconds for epoch 0, of which 3 milliseconds was spent in the scheduler. (kafka.coordinator.group.GroupMetadataManager)
[2022-02-20 01:02:48,142] INFO [GroupMetadataManager brokerId=0] Finished loading offsets and group metadata from __consumer_offsets-28 in 2 milliseconds for epoch 0, of which 2 milliseconds was spent in the scheduler. (kafka.coordinator.group.GroupMetadataManager)
[2022-02-20 01:02:48,143] INFO [GroupMetadataManager brokerId=0] Finished loading offsets and group metadata from __consumer_offsets-31 in 3 milliseconds for epoch 0, of which 3 milliseconds was spent in the scheduler. (kafka.coordinator.group.GroupMetadataManager)
[2022-02-20 01:02:48,143] INFO [GroupMetadataManager brokerId=0] Finished loading offsets and group metadata from __consumer_offsets-34 in 3 milliseconds for epoch 0, of which 3 milliseconds was spent in the scheduler. (kafka.coordinator.group.GroupMetadataManager)
[2022-02-20 01:02:48,142] INFO [GroupCoordinator 0]: Elected as the group coordinator for partition 1 in epoch 0 (kafka.coordinator.group.GroupCoordinator)
[2022-02-20 01:02:48,143] INFO [GroupMetadataManager brokerId=0] Scheduling loading of offsets and group metadata from __consumer_offsets-1 for epoch 0 (kafka.coordinator.group.GroupMetadataManager)
[2022-02-20 01:02:48,144] INFO [GroupCoordinator 0]: Elected as the group coordinator for partition 4 in epoch 0 (kafka.coordinator.group.GroupCoordinator)
[2022-02-20 01:02:48,144] INFO [GroupMetadataManager brokerId=0] Scheduling loading of offsets and group metadata from __consumer_offsets-4 for epoch 0 (kafka.coordinator.group.GroupMetadataManager)
[2022-02-20 01:02:48,144] INFO [GroupCoordinator 0]: Elected as the group coordinator for partition 7 in epoch 0 (kafka.coordinator.group.GroupCoordinator)
[2022-02-20 01:02:48,144] INFO [GroupMetadataManager brokerId=0] Scheduling loading of offsets and group metadata from __consumer_offsets-7 for epoch 0 (kafka.coordinator.group.GroupMetadataManager)
[2022-02-20 01:02:48,145] INFO [GroupCoordinator 0]: Elected as the group coordinator for partition 10 in epoch 0 (kafka.coordinator.group.GroupCoordinator)
[2022-02-20 01:02:48,145] INFO [GroupMetadataManager brokerId=0] Scheduling loading of offsets and group metadata from __consumer_offsets-10 for epoch 0 (kafka.coordinator.group.GroupMetadataManager)
[2022-02-20 01:02:48,145] INFO [GroupCoordinator 0]: Elected as the group coordinator for partition 13 in epoch 0 (kafka.coordinator.group.GroupCoordinator)
[2022-02-20 01:02:48,145] INFO [GroupMetadataManager brokerId=0] Scheduling loading of offsets and group metadata from __consumer_offsets-13 for epoch 0 (kafka.coordinator.group.GroupMetadataManager)
[2022-02-20 01:02:48,145] INFO [GroupCoordinator 0]: Elected as the group coordinator for partition 16 in epoch 0 (kafka.coordinator.group.GroupCoordinator)
[2022-02-20 01:02:48,145] INFO [GroupMetadataManager brokerId=0] Scheduling loading of offsets and group metadata from __consumer_offsets-16 for epoch 0 (kafka.coordinator.group.GroupMetadataManager)
[2022-02-20 01:02:48,145] INFO [GroupCoordinator 0]: Elected as the group coordinator for partition 19 in epoch 0 (kafka.coordinator.group.GroupCoordinator)
[2022-02-20 01:02:48,145] INFO [GroupMetadataManager brokerId=0] Scheduling loading of offsets and group metadata from __consumer_offsets-19 for epoch 0 (kafka.coordinator.group.GroupMetadataManager)
[2022-02-20 01:02:48,145] INFO [GroupCoordinator 0]: Elected as the group coordinator for partition 2 in epoch 0 (kafka.coordinator.group.GroupCoordinator)
[2022-02-20 01:02:48,145] INFO [GroupMetadataManager brokerId=0] Scheduling loading of offsets and group metadata from __consumer_offsets-2 for epoch 0 (kafka.coordinator.group.GroupMetadataManager)
[2022-02-20 01:02:48,145] INFO [GroupCoordinator 0]: Elected as the group coordinator for partition 5 in epoch 0 (kafka.coordinator.group.GroupCoordinator)
[2022-02-20 01:02:48,145] INFO [GroupMetadataManager brokerId=0] Scheduling loading of offsets and group metadata from __consumer_offsets-5 for epoch 0 (kafka.coordinator.group.GroupMetadataManager)
[2022-02-20 01:02:48,146] INFO [GroupCoordinator 0]: Elected as the group coordinator for partition 8 in epoch 0 (kafka.coordinator.group.GroupCoordinator)
[2022-02-20 01:02:48,146] INFO [GroupMetadataManager brokerId=0] Scheduling loading of offsets and group metadata from __consumer_offsets-8 for epoch 0 (kafka.coordinator.group.GroupMetadataManager)
[2022-02-20 01:02:48,146] INFO [GroupCoordinator 0]: Elected as the group coordinator for partition 11 in epoch 0 (kafka.coordinator.group.GroupCoordinator)
[2022-02-20 01:02:48,146] INFO [GroupMetadataManager brokerId=0] Scheduling loading of offsets and group metadata from __consumer_offsets-11 for epoch 0 (kafka.coordinator.group.GroupMetadataManager)
[2022-02-20 01:02:48,146] INFO [GroupCoordinator 0]: Elected as the group coordinator for partition 14 in epoch 0 (kafka.coordinator.group.GroupCoordinator)
[2022-02-20 01:02:48,146] INFO [GroupMetadataManager brokerId=0] Scheduling loading of offsets and group metadata from __consumer_offsets-14 for epoch 0 (kafka.coordinator.group.GroupMetadataManager)
[2022-02-20 01:02:48,146] INFO [GroupCoordinator 0]: Elected as the group coordinator for partition 17 in epoch 0 (kafka.coordinator.group.GroupCoordinator)
[2022-02-20 01:02:48,146] INFO [GroupMetadataManager brokerId=0] Scheduling loading of offsets and group metadata from __consumer_offsets-17 for epoch 0 (kafka.coordinator.group.GroupMetadataManager)
[2022-02-20 01:02:48,146] INFO [GroupCoordinator 0]: Elected as the group coordinator for partition 20 in epoch 0 (kafka.coordinator.group.GroupCoordinator)
[2022-02-20 01:02:48,146] INFO [GroupMetadataManager brokerId=0] Scheduling loading of offsets and group metadata from __consumer_offsets-20 for epoch 0 (kafka.coordinator.group.GroupMetadataManager)
[2022-02-20 01:02:48,147] INFO [GroupCoordinator 0]: Elected as the group coordinator for partition 23 in epoch 0 (kafka.coordinator.group.GroupCoordinator)
[2022-02-20 01:02:48,147] INFO [GroupMetadataManager brokerId=0] Scheduling loading of offsets and group metadata from __consumer_offsets-23 for epoch 0 (kafka.coordinator.group.GroupMetadataManager)
[2022-02-20 01:02:48,147] INFO [GroupCoordinator 0]: Elected as the group coordinator for partition 26 in epoch 0 (kafka.coordinator.group.GroupCoordinator)
[2022-02-20 01:02:48,147] INFO [GroupMetadataManager brokerId=0] Scheduling loading of offsets and group metadata from __consumer_offsets-26 for epoch 0 (kafka.coordinator.group.GroupMetadataManager)
[2022-02-20 01:02:48,147] INFO [GroupCoordinator 0]: Elected as the group coordinator for partition 29 in epoch 0 (kafka.coordinator.group.GroupCoordinator)
[2022-02-20 01:02:48,147] INFO [GroupMetadataManager brokerId=0] Scheduling loading of offsets and group metadata from __consumer_offsets-29 for epoch 0 (kafka.coordinator.group.GroupMetadataManager)
[2022-02-20 01:02:48,147] INFO [GroupCoordinator 0]: Elected as the group coordinator for partition 32 in epoch 0 (kafka.coordinator.group.GroupCoordinator)
[2022-02-20 01:02:48,147] INFO [GroupMetadataManager brokerId=0] Scheduling loading of offsets and group metadata from __consumer_offsets-32 for epoch 0 (kafka.coordinator.group.GroupMetadataManager)
[2022-02-20 01:02:48,147] INFO [GroupCoordinator 0]: Elected as the group coordinator for partition 35 in epoch 0 (kafka.coordinator.group.GroupCoordinator)
[2022-02-20 01:02:48,147] INFO [GroupMetadataManager brokerId=0] Scheduling loading of offsets and group metadata from __consumer_offsets-35 for epoch 0 (kafka.coordinator.group.GroupMetadataManager)
[2022-02-20 01:02:48,146] INFO [GroupMetadataManager brokerId=0] Finished loading offsets and group metadata from __consumer_offsets-37 in 6 milliseconds for epoch 0, of which 3 milliseconds was spent in the scheduler. (kafka.coordinator.group.GroupMetadataManager)
[2022-02-20 01:02:48,149] INFO [GroupMetadataManager brokerId=0] Finished loading offsets and group metadata from __consumer_offsets-40 in 9 milliseconds for epoch 0, of which 9 milliseconds was spent in the scheduler. (kafka.coordinator.group.GroupMetadataManager)
[2022-02-20 01:02:48,150] INFO [GroupCoordinator 0]: Elected as the group coordinator for partition 38 in epoch 0 (kafka.coordinator.group.GroupCoordinator)
[2022-02-20 01:02:48,150] INFO [GroupMetadataManager brokerId=0] Scheduling loading of offsets and group metadata from __consumer_offsets-38 for epoch 0 (kafka.coordinator.group.GroupMetadataManager)
[2022-02-20 01:02:48,150] INFO [GroupCoordinator 0]: Elected as the group coordinator for partition 0 in epoch 0 (kafka.coordinator.group.GroupCoordinator)
[2022-02-20 01:02:48,150] INFO [GroupMetadataManager brokerId=0] Scheduling loading of offsets and group metadata from __consumer_offsets-0 for epoch 0 (kafka.coordinator.group.GroupMetadataManager)
[2022-02-20 01:02:48,150] INFO [GroupCoordinator 0]: Elected as the group coordinator for partition 3 in epoch 0 (kafka.coordinator.group.GroupCoordinator)
[2022-02-20 01:02:48,150] INFO [GroupMetadataManager brokerId=0] Scheduling loading of offsets and group metadata from __consumer_offsets-3 for epoch 0 (kafka.coordinator.group.GroupMetadataManager)
[2022-02-20 01:02:48,150] INFO [GroupCoordinator 0]: Elected as the group coordinator for partition 6 in epoch 0 (kafka.coordinator.group.GroupCoordinator)
[2022-02-20 01:02:48,150] INFO [GroupMetadataManager brokerId=0] Scheduling loading of offsets and group metadata from __consumer_offsets-6 for epoch 0 (kafka.coordinator.group.GroupMetadataManager)
[2022-02-20 01:02:48,150] INFO [GroupCoordinator 0]: Elected as the group coordinator for partition 9 in epoch 0 (kafka.coordinator.group.GroupCoordinator)
[2022-02-20 01:02:48,150] INFO [GroupMetadataManager brokerId=0] Scheduling loading of offsets and group metadata from __consumer_offsets-9 for epoch 0 (kafka.coordinator.group.GroupMetadataManager)
[2022-02-20 01:02:48,150] INFO [GroupCoordinator 0]: Elected as the group coordinator for partition 12 in epoch 0 (kafka.coordinator.group.GroupCoordinator)
[2022-02-20 01:02:48,150] INFO [GroupMetadataManager brokerId=0] Scheduling loading of offsets and group metadata from __consumer_offsets-12 for epoch 0 (kafka.coordinator.group.GroupMetadataManager)
[2022-02-20 01:02:48,150] INFO [GroupCoordinator 0]: Elected as the group coordinator for partition 15 in epoch 0 (kafka.coordinator.group.GroupCoordinator)
[2022-02-20 01:02:48,150] INFO [GroupMetadataManager brokerId=0] Scheduling loading of offsets and group metadata from __consumer_offsets-15 for epoch 0 (kafka.coordinator.group.GroupMetadataManager)
[2022-02-20 01:02:48,151] INFO [GroupCoordinator 0]: Elected as the group coordinator for partition 18 in epoch 0 (kafka.coordinator.group.GroupCoordinator)
[2022-02-20 01:02:48,151] INFO [GroupMetadataManager brokerId=0] Scheduling loading of offsets and group metadata from __consumer_offsets-18 for epoch 0 (kafka.coordinator.group.GroupMetadataManager)
[2022-02-20 01:02:48,151] INFO [GroupCoordinator 0]: Elected as the group coordinator for partition 21 in epoch 0 (kafka.coordinator.group.GroupCoordinator)
[2022-02-20 01:02:48,151] INFO [GroupMetadataManager brokerId=0] Scheduling loading of offsets and group metadata from __consumer_offsets-21 for epoch 0 (kafka.coordinator.group.GroupMetadataManager)
[2022-02-20 01:02:48,151] INFO [GroupCoordinator 0]: Elected as the group coordinator for partition 24 in epoch 0 (kafka.coordinator.group.GroupCoordinator)
[2022-02-20 01:02:48,151] INFO [GroupMetadataManager brokerId=0] Scheduling loading of offsets and group metadata from __consumer_offsets-24 for epoch 0 (kafka.coordinator.group.GroupMetadataManager)
[2022-02-20 01:02:48,151] INFO [GroupCoordinator 0]: Elected as the group coordinator for partition 27 in epoch 0 (kafka.coordinator.group.GroupCoordinator)
[2022-02-20 01:02:48,151] INFO [GroupMetadataManager brokerId=0] Scheduling loading of offsets and group metadata from __consumer_offsets-27 for epoch 0 (kafka.coordinator.group.GroupMetadataManager)
[2022-02-20 01:02:48,151] INFO [GroupCoordinator 0]: Elected as the group coordinator for partition 30 in epoch 0 (kafka.coordinator.group.GroupCoordinator)
[2022-02-20 01:02:48,151] INFO [GroupMetadataManager brokerId=0] Scheduling loading of offsets and group metadata from __consumer_offsets-30 for epoch 0 (kafka.coordinator.group.GroupMetadataManager)
[2022-02-20 01:02:48,151] INFO [GroupCoordinator 0]: Elected as the group coordinator for partition 33 in epoch 0 (kafka.coordinator.group.GroupCoordinator)
[2022-02-20 01:02:48,151] INFO [GroupMetadataManager brokerId=0] Scheduling loading of offsets and group metadata from __consumer_offsets-33 for epoch 0 (kafka.coordinator.group.GroupMetadataManager)
[2022-02-20 01:02:48,151] INFO [GroupCoordinator 0]: Elected as the group coordinator for partition 36 in epoch 0 (kafka.coordinator.group.GroupCoordinator)
[2022-02-20 01:02:48,151] INFO [GroupMetadataManager brokerId=0] Scheduling loading of offsets and group metadata from __consumer_offsets-36 for epoch 0 (kafka.coordinator.group.GroupMetadataManager)
[2022-02-20 01:02:48,151] INFO [GroupCoordinator 0]: Elected as the group coordinator for partition 39 in epoch 0 (kafka.coordinator.group.GroupCoordinator)
[2022-02-20 01:02:48,151] INFO [GroupMetadataManager brokerId=0] Scheduling loading of offsets and group metadata from __consumer_offsets-39 for epoch 0 (kafka.coordinator.group.GroupMetadataManager)
[2022-02-20 01:02:48,151] INFO [GroupCoordinator 0]: Elected as the group coordinator for partition 42 in epoch 0 (kafka.coordinator.group.GroupCoordinator)
[2022-02-20 01:02:48,151] INFO [GroupMetadataManager brokerId=0] Scheduling loading of offsets and group metadata from __consumer_offsets-42 for epoch 0 (kafka.coordinator.group.GroupMetadataManager)
[2022-02-20 01:02:48,151] INFO [GroupCoordinator 0]: Elected as the group coordinator for partition 45 in epoch 0 (kafka.coordinator.group.GroupCoordinator)
[2022-02-20 01:02:48,151] INFO [GroupMetadataManager brokerId=0] Scheduling loading of offsets and group metadata from __consumer_offsets-45 for epoch 0 (kafka.coordinator.group.GroupMetadataManager)
[2022-02-20 01:02:48,151] INFO [GroupCoordinator 0]: Elected as the group coordinator for partition 48 in epoch 0 (kafka.coordinator.group.GroupCoordinator)
[2022-02-20 01:02:48,152] INFO [GroupMetadataManager brokerId=0] Scheduling loading of offsets and group metadata from __consumer_offsets-48 for epoch 0 (kafka.coordinator.group.GroupMetadataManager)
[2022-02-20 01:02:48,150] INFO [GroupMetadataManager brokerId=0] Finished loading offsets and group metadata from __consumer_offsets-43 in 10 milliseconds for epoch 0, of which 9 milliseconds was spent in the scheduler. (kafka.coordinator.group.GroupMetadataManager)
[2022-02-20 01:02:48,152] INFO [GroupMetadataManager brokerId=0] Finished loading offsets and group metadata from __consumer_offsets-46 in 11 milliseconds for epoch 0, of which 11 milliseconds was spent in the scheduler. (kafka.coordinator.group.GroupMetadataManager)
[2022-02-20 01:02:48,153] INFO [GroupMetadataManager brokerId=0] Finished loading offsets and group metadata from __consumer_offsets-49 in 12 milliseconds for epoch 0, of which 12 milliseconds was spent in the scheduler. (kafka.coordinator.group.GroupMetadataManager)
[2022-02-20 01:02:48,153] INFO [GroupMetadataManager brokerId=0] Finished loading offsets and group metadata from __consumer_offsets-41 in 12 milliseconds for epoch 0, of which 12 milliseconds was spent in the scheduler. (kafka.coordinator.group.GroupMetadataManager)
[2022-02-20 01:02:48,153] INFO [GroupMetadataManager brokerId=0] Finished loading offsets and group metadata from __consumer_offsets-44 in 12 milliseconds for epoch 0, of which 12 milliseconds was spent in the scheduler. (kafka.coordinator.group.GroupMetadataManager)
[2022-02-20 01:02:48,153] INFO [GroupMetadataManager brokerId=0] Finished loading offsets and group metadata from __consumer_offsets-47 in 11 milliseconds for epoch 0, of which 11 milliseconds was spent in the scheduler. (kafka.coordinator.group.GroupMetadataManager)
[2022-02-20 01:02:48,154] INFO [GroupMetadataManager brokerId=0] Finished loading offsets and group metadata from __consumer_offsets-1 in 10 milliseconds for epoch 0, of which 10 milliseconds was spent in the scheduler. (kafka.coordinator.group.GroupMetadataManager)
[2022-02-20 01:02:48,154] INFO [GroupMetadataManager brokerId=0] Finished loading offsets and group metadata from __consumer_offsets-4 in 10 milliseconds for epoch 0, of which 10 milliseconds was spent in the scheduler. (kafka.coordinator.group.GroupMetadataManager)
[2022-02-20 01:02:48,154] INFO [GroupMetadataManager brokerId=0] Finished loading offsets and group metadata from __consumer_offsets-7 in 10 milliseconds for epoch 0, of which 10 milliseconds was spent in the scheduler. (kafka.coordinator.group.GroupMetadataManager)
[2022-02-20 01:02:48,155] INFO [GroupMetadataManager brokerId=0] Finished loading offsets and group metadata from __consumer_offsets-10 in 10 milliseconds for epoch 0, of which 9 milliseconds was spent in the scheduler. (kafka.coordinator.group.GroupMetadataManager)
[2022-02-20 01:02:48,159] INFO [GroupMetadataManager brokerId=0] Finished loading offsets and group metadata from __consumer_offsets-13 in 14 milliseconds for epoch 0, of which 14 milliseconds was spent in the scheduler. (kafka.coordinator.group.GroupMetadataManager)
[2022-02-20 01:02:48,167] INFO [GroupMetadataManager brokerId=0] Finished loading offsets and group metadata from __consumer_offsets-16 in 21 milliseconds for epoch 0, of which 21 milliseconds was spent in the scheduler. (kafka.coordinator.group.GroupMetadataManager)
[2022-02-20 01:02:48,167] INFO [GroupMetadataManager brokerId=0] Finished loading offsets and group metadata from __consumer_offsets-19 in 22 milliseconds for epoch 0, of which 22 milliseconds was spent in the scheduler. (kafka.coordinator.group.GroupMetadataManager)
[2022-02-20 01:02:48,167] INFO [GroupMetadataManager brokerId=0] Finished loading offsets and group metadata from __consumer_offsets-2 in 22 milliseconds for epoch 0, of which 22 milliseconds was spent in the scheduler. (kafka.coordinator.group.GroupMetadataManager)
[2022-02-20 01:02:48,167] INFO [GroupMetadataManager brokerId=0] Finished loading offsets and group metadata from __consumer_offsets-5 in 21 milliseconds for epoch 0, of which 21 milliseconds was spent in the scheduler. (kafka.coordinator.group.GroupMetadataManager)
[2022-02-20 01:02:48,168] INFO [GroupMetadataManager brokerId=0] Finished loading offsets and group metadata from __consumer_offsets-8 in 22 milliseconds for epoch 0, of which 22 milliseconds was spent in the scheduler. (kafka.coordinator.group.GroupMetadataManager)
[2022-02-20 01:02:48,168] INFO [GroupMetadataManager brokerId=0] Finished loading offsets and group metadata from __consumer_offsets-11 in 22 milliseconds for epoch 0, of which 22 milliseconds was spent in the scheduler. (kafka.coordinator.group.GroupMetadataManager)
[2022-02-20 01:02:48,169] INFO [GroupMetadataManager brokerId=0] Finished loading offsets and group metadata from __consumer_offsets-14 in 23 milliseconds for epoch 0, of which 23 milliseconds was spent in the scheduler. (kafka.coordinator.group.GroupMetadataManager)
[2022-02-20 01:02:48,169] INFO [GroupMetadataManager brokerId=0] Finished loading offsets and group metadata from __consumer_offsets-17 in 23 milliseconds for epoch 0, of which 23 milliseconds was spent in the scheduler. (kafka.coordinator.group.GroupMetadataManager)
[2022-02-20 01:02:48,170] INFO [GroupMetadataManager brokerId=0] Finished loading offsets and group metadata from __consumer_offsets-20 in 23 milliseconds for epoch 0, of which 23 milliseconds was spent in the scheduler. (kafka.coordinator.group.GroupMetadataManager)
[2022-02-20 01:02:48,170] INFO [GroupMetadataManager brokerId=0] Finished loading offsets and group metadata from __consumer_offsets-23 in 23 milliseconds for epoch 0, of which 23 milliseconds was spent in the scheduler. (kafka.coordinator.group.GroupMetadataManager)
[2022-02-20 01:02:48,170] INFO [GroupMetadataManager brokerId=0] Finished loading offsets and group metadata from __consumer_offsets-26 in 23 milliseconds for epoch 0, of which 23 milliseconds was spent in the scheduler. (kafka.coordinator.group.GroupMetadataManager)
[2022-02-20 01:02:48,170] INFO [GroupMetadataManager brokerId=0] Finished loading offsets and group metadata from __consumer_offsets-29 in 23 milliseconds for epoch 0, of which 23 milliseconds was spent in the scheduler. (kafka.coordinator.group.GroupMetadataManager)
[2022-02-20 01:02:48,171] INFO [GroupMetadataManager brokerId=0] Finished loading offsets and group metadata from __consumer_offsets-32 in 24 milliseconds for epoch 0, of which 23 milliseconds was spent in the scheduler. (kafka.coordinator.group.GroupMetadataManager)
[2022-02-20 01:02:48,171] INFO [GroupMetadataManager brokerId=0] Finished loading offsets and group metadata from __consumer_offsets-35 in 24 milliseconds for epoch 0, of which 24 milliseconds was spent in the scheduler. (kafka.coordinator.group.GroupMetadataManager)
[2022-02-20 01:02:48,171] INFO [GroupMetadataManager brokerId=0] Finished loading offsets and group metadata from __consumer_offsets-38 in 21 milliseconds for epoch 0, of which 21 milliseconds was spent in the scheduler. (kafka.coordinator.group.GroupMetadataManager)
[2022-02-20 01:02:48,171] INFO [GroupMetadataManager brokerId=0] Finished loading offsets and group metadata from __consumer_offsets-0 in 21 milliseconds for epoch 0, of which 21 milliseconds was spent in the scheduler. (kafka.coordinator.group.GroupMetadataManager)
[2022-02-20 01:02:48,171] INFO [GroupMetadataManager brokerId=0] Finished loading offsets and group metadata from __consumer_offsets-3 in 21 milliseconds for epoch 0, of which 21 milliseconds was spent in the scheduler. (kafka.coordinator.group.GroupMetadataManager)
[2022-02-20 01:02:48,172] INFO [GroupMetadataManager brokerId=0] Finished loading offsets and group metadata from __consumer_offsets-6 in 21 milliseconds for epoch 0, of which 21 milliseconds was spent in the scheduler. (kafka.coordinator.group.GroupMetadataManager)
[2022-02-20 01:02:48,172] INFO [GroupMetadataManager brokerId=0] Finished loading offsets and group metadata from __consumer_offsets-9 in 22 milliseconds for epoch 0, of which 22 milliseconds was spent in the scheduler. (kafka.coordinator.group.GroupMetadataManager)
[2022-02-20 01:02:48,172] INFO [GroupMetadataManager brokerId=0] Finished loading offsets and group metadata from __consumer_offsets-12 in 22 milliseconds for epoch 0, of which 22 milliseconds was spent in the scheduler. (kafka.coordinator.group.GroupMetadataManager)
[2022-02-20 01:02:48,172] INFO [GroupMetadataManager brokerId=0] Finished loading offsets and group metadata from __consumer_offsets-15 in 21 milliseconds for epoch 0, of which 21 milliseconds was spent in the scheduler. (kafka.coordinator.group.GroupMetadataManager)
[2022-02-20 01:02:48,173] INFO [GroupMetadataManager brokerId=0] Finished loading offsets and group metadata from __consumer_offsets-18 in 22 milliseconds for epoch 0, of which 22 milliseconds was spent in the scheduler. (kafka.coordinator.group.GroupMetadataManager)
[2022-02-20 01:02:48,173] INFO [GroupMetadataManager brokerId=0] Finished loading offsets and group metadata from __consumer_offsets-21 in 22 milliseconds for epoch 0, of which 22 milliseconds was spent in the scheduler. (kafka.coordinator.group.GroupMetadataManager)
[2022-02-20 01:02:48,173] INFO [GroupMetadataManager brokerId=0] Finished loading offsets and group metadata from __consumer_offsets-24 in 22 milliseconds for epoch 0, of which 22 milliseconds was spent in the scheduler. (kafka.coordinator.group.GroupMetadataManager)
[2022-02-20 01:02:48,173] INFO [GroupMetadataManager brokerId=0] Finished loading offsets and group metadata from __consumer_offsets-27 in 22 milliseconds for epoch 0, of which 22 milliseconds was spent in the scheduler. (kafka.coordinator.group.GroupMetadataManager)
[2022-02-20 01:02:48,173] INFO [GroupMetadataManager brokerId=0] Finished loading offsets and group metadata from __consumer_offsets-30 in 22 milliseconds for epoch 0, of which 22 milliseconds was spent in the scheduler. (kafka.coordinator.group.GroupMetadataManager)
[2022-02-20 01:02:48,182] INFO [GroupMetadataManager brokerId=0] Finished loading offsets and group metadata from __consumer_offsets-33 in 31 milliseconds for epoch 0, of which 31 milliseconds was spent in the scheduler. (kafka.coordinator.group.GroupMetadataManager)
[2022-02-20 01:02:48,182] INFO [GroupMetadataManager brokerId=0] Finished loading offsets and group metadata from __consumer_offsets-36 in 31 milliseconds for epoch 0, of which 31 milliseconds was spent in the scheduler. (kafka.coordinator.group.GroupMetadataManager)
[2022-02-20 01:02:48,182] INFO [GroupMetadataManager brokerId=0] Finished loading offsets and group metadata from __consumer_offsets-39 in 31 milliseconds for epoch 0, of which 31 milliseconds was spent in the scheduler. (kafka.coordinator.group.GroupMetadataManager)
[2022-02-20 01:02:48,182] INFO [GroupMetadataManager brokerId=0] Finished loading offsets and group metadata from __consumer_offsets-42 in 31 milliseconds for epoch 0, of which 31 milliseconds was spent in the scheduler. (kafka.coordinator.group.GroupMetadataManager)
[2022-02-20 01:02:48,182] INFO [GroupMetadataManager brokerId=0] Finished loading offsets and group metadata from __consumer_offsets-45 in 31 milliseconds for epoch 0, of which 31 milliseconds was spent in the scheduler. (kafka.coordinator.group.GroupMetadataManager)
[2022-02-20 01:02:48,183] INFO [GroupMetadataManager brokerId=0] Finished loading offsets and group metadata from __consumer_offsets-48 in 31 milliseconds for epoch 0, of which 31 milliseconds was spent in the scheduler. (kafka.coordinator.group.GroupMetadataManager)
[2022-02-20 01:02:48,282] INFO [GroupCoordinator 0]: Dynamic member with unknown member id joins group console-consumer-70589 in Empty state. Created a new member id console-consumer-4a94a8d9-dfbb-47b8-a687-770162c4b61e and request the member to rejoin with this id. (kafka.coordinator.group.GroupCoordinator)
[2022-02-20 01:02:48,302] INFO [GroupCoordinator 0]: Preparing to rebalance group console-consumer-70589 in state PreparingRebalance with old generation 0 (__consumer_offsets-0) (reason: Adding new member console-consumer-4a94a8d9-dfbb-47b8-a687-770162c4b61e with group instance id None) (kafka.coordinator.group.GroupCoordinator)
[2022-02-20 01:02:48,311] INFO [GroupCoordinator 0]: Stabilized group console-consumer-70589 generation 1 (__consumer_offsets-0) with 1 members (kafka.coordinator.group.GroupCoordinator)
[2022-02-20 01:02:48,328] INFO [GroupCoordinator 0]: Assignment received from leader console-consumer-4a94a8d9-dfbb-47b8-a687-770162c4b61e for group console-consumer-70589 for generation 1. The group has 1 members, 0 of which are static. (kafka.coordinator.group.GroupCoordinator)
[2022-02-20 01:11:06,030] INFO [GroupCoordinator 0]: Dynamic member with unknown member id joins group console-consumer-61276 in Empty state. Created a new member id console-consumer-7f3115db-ac6f-467a-92a3-bed104e6b742 and request the member to rejoin with this id. (kafka.coordinator.group.GroupCoordinator)
[2022-02-20 01:11:06,033] INFO [GroupCoordinator 0]: Preparing to rebalance group console-consumer-61276 in state PreparingRebalance with old generation 0 (__consumer_offsets-3) (reason: Adding new member console-consumer-7f3115db-ac6f-467a-92a3-bed104e6b742 with group instance id None) (kafka.coordinator.group.GroupCoordinator)
[2022-02-20 01:11:06,034] INFO [GroupCoordinator 0]: Stabilized group console-consumer-61276 generation 1 (__consumer_offsets-3) with 1 members (kafka.coordinator.group.GroupCoordinator)
[2022-02-20 01:11:06,041] INFO [GroupCoordinator 0]: Assignment received from leader console-consumer-7f3115db-ac6f-467a-92a3-bed104e6b742 for group console-consumer-61276 for generation 1. The group has 1 members, 0 of which are static. (kafka.coordinator.group.GroupCoordinator)
[2022-02-20 01:15:51,083] INFO [GroupCoordinator 0]: Dynamic member with unknown member id joins group console-consumer-21397 in Empty state. Created a new member id console-consumer-a8423749-7e7d-4ae9-bef5-f7f518b8ee5a and request the member to rejoin with this id. (kafka.coordinator.group.GroupCoordinator)
[2022-02-20 01:15:51,085] INFO [GroupCoordinator 0]: Preparing to rebalance group console-consumer-21397 in state PreparingRebalance with old generation 0 (__consumer_offsets-43) (reason: Adding new member console-consumer-a8423749-7e7d-4ae9-bef5-f7f518b8ee5a with group instance id None) (kafka.coordinator.group.GroupCoordinator)
[2022-02-20 01:15:51,086] INFO [GroupCoordinator 0]: Stabilized group console-consumer-21397 generation 1 (__consumer_offsets-43) with 1 members (kafka.coordinator.group.GroupCoordinator)
[2022-02-20 01:15:51,092] INFO [GroupCoordinator 0]: Assignment received from leader console-consumer-a8423749-7e7d-4ae9-bef5-f7f518b8ee5a for group console-consumer-21397 for generation 1. The group has 1 members, 0 of which are static. (kafka.coordinator.group.GroupCoordinator)
[2022-02-20 01:17:36,593] INFO [GroupCoordinator 0]: Preparing to rebalance group console-consumer-61276 in state PreparingRebalance with old generation 1 (__consumer_offsets-3) (reason: Removing member console-consumer-7f3115db-ac6f-467a-92a3-bed104e6b742 on LeaveGroup) (kafka.coordinator.group.GroupCoordinator)
[2022-02-20 01:17:36,594] INFO [GroupCoordinator 0]: Group console-consumer-61276 with generation 2 is now empty (__consumer_offsets-3) (kafka.coordinator.group.GroupCoordinator)
[2022-02-20 01:17:36,601] INFO [GroupCoordinator 0]: Member MemberMetadata(memberId=console-consumer-7f3115db-ac6f-467a-92a3-bed104e6b742, groupInstanceId=None, clientId=console-consumer, clientHost=/127.0.0.1, sessionTimeoutMs=45000, rebalanceTimeoutMs=300000, supportedProtocols=List(range, cooperative-sticky)) has left group console-consumer-61276 through explicit `LeaveGroup` request (kafka.coordinator.group.GroupCoordinator)
[2022-02-20 01:17:40,914] INFO [GroupCoordinator 0]: Dynamic member with unknown member id joins group console-consumer-40497 in Empty state. Created a new member id console-consumer-32f1c578-33d7-46ee-8e25-4eb7dd889a0d and request the member to rejoin with this id. (kafka.coordinator.group.GroupCoordinator)
[2022-02-20 01:17:40,916] INFO [GroupCoordinator 0]: Preparing to rebalance group console-consumer-40497 in state PreparingRebalance with old generation 0 (__consumer_offsets-5) (reason: Adding new member console-consumer-32f1c578-33d7-46ee-8e25-4eb7dd889a0d with group instance id None) (kafka.coordinator.group.GroupCoordinator)
[2022-02-20 01:17:40,916] INFO [GroupCoordinator 0]: Stabilized group console-consumer-40497 generation 1 (__consumer_offsets-5) with 1 members (kafka.coordinator.group.GroupCoordinator)
[2022-02-20 01:17:40,921] INFO [GroupCoordinator 0]: Assignment received from leader console-consumer-32f1c578-33d7-46ee-8e25-4eb7dd889a0d for group console-consumer-40497 for generation 1. The group has 1 members, 0 of which are static. (kafka.coordinator.group.GroupCoordinator)
[2022-02-20 01:17:57,057] INFO [GroupCoordinator 0]: Dynamic member with unknown member id joins group console-consumer-69752 in Empty state. Created a new member id console-consumer-cb2f48e6-a5c6-44c6-8cff-05bf863ea620 and request the member to rejoin with this id. (kafka.coordinator.group.GroupCoordinator)
[2022-02-20 01:17:57,060] INFO [GroupCoordinator 0]: Preparing to rebalance group console-consumer-69752 in state PreparingRebalance with old generation 0 (__consumer_offsets-20) (reason: Adding new member console-consumer-cb2f48e6-a5c6-44c6-8cff-05bf863ea620 with group instance id None) (kafka.coordinator.group.GroupCoordinator)
[2022-02-20 01:17:57,060] INFO [GroupCoordinator 0]: Stabilized group console-consumer-69752 generation 1 (__consumer_offsets-20) with 1 members (kafka.coordinator.group.GroupCoordinator)
[2022-02-20 01:17:57,069] INFO [GroupCoordinator 0]: Assignment received from leader console-consumer-cb2f48e6-a5c6-44c6-8cff-05bf863ea620 for group console-consumer-69752 for generation 1. The group has 1 members, 0 of which are static. (kafka.coordinator.group.GroupCoordinator)
[2022-02-20 01:18:36,663] INFO [GroupCoordinator 0]: Member console-consumer-4a94a8d9-dfbb-47b8-a687-770162c4b61e in group console-consumer-70589 has failed, removing it from the group (kafka.coordinator.group.GroupCoordinator)
[2022-02-20 01:18:36,664] INFO [GroupCoordinator 0]: Preparing to rebalance group console-consumer-70589 in state PreparingRebalance with old generation 1 (__consumer_offsets-0) (reason: removing member console-consumer-4a94a8d9-dfbb-47b8-a687-770162c4b61e on heartbeat expiration) (kafka.coordinator.group.GroupCoordinator)
[2022-02-20 01:18:36,664] INFO [GroupCoordinator 0]: Group console-consumer-70589 with generation 2 is now empty (__consumer_offsets-0) (kafka.coordinator.group.GroupCoordinator)
[2022-02-20 01:18:38,972] INFO [GroupCoordinator 0]: Preparing to rebalance group console-consumer-40497 in state PreparingRebalance with old generation 1 (__consumer_offsets-5) (reason: Removing member console-consumer-32f1c578-33d7-46ee-8e25-4eb7dd889a0d on LeaveGroup) (kafka.coordinator.group.GroupCoordinator)
[2022-02-20 01:18:38,973] INFO [GroupCoordinator 0]: Group console-consumer-40497 with generation 2 is now empty (__consumer_offsets-5) (kafka.coordinator.group.GroupCoordinator)
[2022-02-20 01:18:38,973] INFO [GroupCoordinator 0]: Member MemberMetadata(memberId=console-consumer-32f1c578-33d7-46ee-8e25-4eb7dd889a0d, groupInstanceId=None, clientId=console-consumer, clientHost=/127.0.0.1, sessionTimeoutMs=45000, rebalanceTimeoutMs=300000, supportedProtocols=List(range, cooperative-sticky)) has left group console-consumer-40497 through explicit `LeaveGroup` request (kafka.coordinator.group.GroupCoordinator)
[2022-02-20 01:18:44,329] INFO [GroupCoordinator 0]: Preparing to rebalance group console-consumer-69752 in state PreparingRebalance with old generation 1 (__consumer_offsets-20) (reason: Removing member console-consumer-cb2f48e6-a5c6-44c6-8cff-05bf863ea620 on LeaveGroup) (kafka.coordinator.group.GroupCoordinator)
[2022-02-20 01:18:44,329] INFO [GroupCoordinator 0]: Group console-consumer-69752 with generation 2 is now empty (__consumer_offsets-20) (kafka.coordinator.group.GroupCoordinator)
[2022-02-20 01:18:44,330] INFO [GroupCoordinator 0]: Member MemberMetadata(memberId=console-consumer-cb2f48e6-a5c6-44c6-8cff-05bf863ea620, groupInstanceId=None, clientId=console-consumer, clientHost=/127.0.0.1, sessionTimeoutMs=45000, rebalanceTimeoutMs=300000, supportedProtocols=List(range, cooperative-sticky)) has left group console-consumer-69752 through explicit `LeaveGroup` request (kafka.coordinator.group.GroupCoordinator)
[2022-02-20 01:18:48,881] INFO [GroupCoordinator 0]: Preparing to rebalance group console-consumer-21397 in state PreparingRebalance with old generation 1 (__consumer_offsets-43) (reason: Removing member console-consumer-a8423749-7e7d-4ae9-bef5-f7f518b8ee5a on LeaveGroup) (kafka.coordinator.group.GroupCoordinator)
[2022-02-20 01:18:48,881] INFO [GroupCoordinator 0]: Group console-consumer-21397 with generation 2 is now empty (__consumer_offsets-43) (kafka.coordinator.group.GroupCoordinator)
[2022-02-20 01:18:48,882] INFO [GroupCoordinator 0]: Member MemberMetadata(memberId=console-consumer-a8423749-7e7d-4ae9-bef5-f7f518b8ee5a, groupInstanceId=None, clientId=console-consumer, clientHost=/127.0.0.1, sessionTimeoutMs=45000, rebalanceTimeoutMs=300000, supportedProtocols=List(range, cooperative-sticky)) has left group console-consumer-21397 through explicit `LeaveGroup` request (kafka.coordinator.group.GroupCoordinator)
[2022-02-20 01:19:29,053] INFO [GroupCoordinator 0]: Dynamic member with unknown member id joins group console-consumer-27534 in Empty state. Created a new member id console-consumer-9f2b9bdd-423d-4cf7-9544-c49914c212ad and request the member to rejoin with this id. (kafka.coordinator.group.GroupCoordinator)
[2022-02-20 01:19:29,056] INFO [GroupCoordinator 0]: Preparing to rebalance group console-consumer-27534 in state PreparingRebalance with old generation 0 (__consumer_offsets-22) (reason: Adding new member console-consumer-9f2b9bdd-423d-4cf7-9544-c49914c212ad with group instance id None) (kafka.coordinator.group.GroupCoordinator)
[2022-02-20 01:19:29,057] INFO [GroupCoordinator 0]: Stabilized group console-consumer-27534 generation 1 (__consumer_offsets-22) with 1 members (kafka.coordinator.group.GroupCoordinator)
[2022-02-20 01:19:29,066] INFO [GroupCoordinator 0]: Assignment received from leader console-consumer-9f2b9bdd-423d-4cf7-9544-c49914c212ad for group console-consumer-27534 for generation 1. The group has 1 members, 0 of which are static. (kafka.coordinator.group.GroupCoordinator)
[2022-02-20 01:20:23,854] INFO [GroupCoordinator 0]: Dynamic member with unknown member id joins group console-consumer-70633 in Empty state. Created a new member id console-consumer-607266b5-45b8-41fb-85e9-fa2633306649 and request the member to rejoin with this id. (kafka.coordinator.group.GroupCoordinator)
[2022-02-20 01:20:23,858] INFO [GroupCoordinator 0]: Preparing to rebalance group console-consumer-70633 in state PreparingRebalance with old generation 0 (__consumer_offsets-0) (reason: Adding new member console-consumer-607266b5-45b8-41fb-85e9-fa2633306649 with group instance id None) (kafka.coordinator.group.GroupCoordinator)
[2022-02-20 01:20:23,859] INFO [GroupCoordinator 0]: Stabilized group console-consumer-70633 generation 1 (__consumer_offsets-0) with 1 members (kafka.coordinator.group.GroupCoordinator)
[2022-02-20 01:20:23,871] INFO [GroupCoordinator 0]: Assignment received from leader console-consumer-607266b5-45b8-41fb-85e9-fa2633306649 for group console-consumer-70633 for generation 1. The group has 1 members, 0 of which are static. (kafka.coordinator.group.GroupCoordinator)
[2022-02-20 01:20:58,278] INFO [GroupCoordinator 0]: Preparing to rebalance group console-consumer-27534 in state PreparingRebalance with old generation 1 (__consumer_offsets-22) (reason: Removing member console-consumer-9f2b9bdd-423d-4cf7-9544-c49914c212ad on LeaveGroup) (kafka.coordinator.group.GroupCoordinator)
[2022-02-20 01:20:58,278] INFO [GroupCoordinator 0]: Group console-consumer-27534 with generation 2 is now empty (__consumer_offsets-22) (kafka.coordinator.group.GroupCoordinator)
[2022-02-20 01:20:58,279] INFO [GroupCoordinator 0]: Member MemberMetadata(memberId=console-consumer-9f2b9bdd-423d-4cf7-9544-c49914c212ad, groupInstanceId=None, clientId=console-consumer, clientHost=/127.0.0.1, sessionTimeoutMs=45000, rebalanceTimeoutMs=300000, supportedProtocols=List(range, cooperative-sticky)) has left group console-consumer-27534 through explicit `LeaveGroup` request (kafka.coordinator.group.GroupCoordinator)
[2022-02-20 01:20:59,477] INFO [GroupCoordinator 0]: Preparing to rebalance group console-consumer-70633 in state PreparingRebalance with old generation 1 (__consumer_offsets-0) (reason: Removing member console-consumer-607266b5-45b8-41fb-85e9-fa2633306649 on LeaveGroup) (kafka.coordinator.group.GroupCoordinator)
[2022-02-20 01:20:59,478] INFO [GroupCoordinator 0]: Group console-consumer-70633 with generation 2 is now empty (__consumer_offsets-0) (kafka.coordinator.group.GroupCoordinator)
[2022-02-20 01:20:59,478] INFO [GroupCoordinator 0]: Member MemberMetadata(memberId=console-consumer-607266b5-45b8-41fb-85e9-fa2633306649, groupInstanceId=None, clientId=console-consumer, clientHost=/127.0.0.1, sessionTimeoutMs=45000, rebalanceTimeoutMs=300000, supportedProtocols=List(range, cooperative-sticky)) has left group console-consumer-70633 through explicit `LeaveGroup` request (kafka.coordinator.group.GroupCoordinator)
[2022-02-20 01:21:38,077] INFO [GroupMetadataManager brokerId=0] Group console-consumer-61276 transitioned to Dead in generation 2 (kafka.coordinator.group.GroupMetadataManager)
[2022-02-20 01:21:38,078] INFO [GroupMetadataManager brokerId=0] Group console-consumer-27534 transitioned to Dead in generation 2 (kafka.coordinator.group.GroupMetadataManager)
[2022-02-20 01:21:38,078] INFO [GroupMetadataManager brokerId=0] Group console-consumer-70589 transitioned to Dead in generation 2 (kafka.coordinator.group.GroupMetadataManager)
[2022-02-20 01:21:38,079] INFO [GroupMetadataManager brokerId=0] Group console-consumer-70633 transitioned to Dead in generation 2 (kafka.coordinator.group.GroupMetadataManager)
[2022-02-20 01:21:38,081] INFO [GroupMetadataManager brokerId=0] Group console-consumer-69752 transitioned to Dead in generation 2 (kafka.coordinator.group.GroupMetadataManager)
[2022-02-20 01:21:38,082] INFO [GroupMetadataManager brokerId=0] Group console-consumer-21397 transitioned to Dead in generation 2 (kafka.coordinator.group.GroupMetadataManager)
[2022-02-20 01:21:38,082] INFO [GroupMetadataManager brokerId=0] Group console-consumer-40497 transitioned to Dead in generation 2 (kafka.coordinator.group.GroupMetadataManager)
[2022-02-20 01:23:16,781] INFO [GroupCoordinator 0]: Dynamic member with unknown member id joins group console-consumer-62444 in Empty state. Created a new member id console-consumer-18c685cd-bcc9-4f4a-97ce-120169ae6e16 and request the member to rejoin with this id. (kafka.coordinator.group.GroupCoordinator)
[2022-02-20 01:23:16,785] INFO [GroupCoordinator 0]: Preparing to rebalance group console-consumer-62444 in state PreparingRebalance with old generation 0 (__consumer_offsets-21) (reason: Adding new member console-consumer-18c685cd-bcc9-4f4a-97ce-120169ae6e16 with group instance id None) (kafka.coordinator.group.GroupCoordinator)
[2022-02-20 01:23:16,785] INFO [GroupCoordinator 0]: Stabilized group console-consumer-62444 generation 1 (__consumer_offsets-21) with 1 members (kafka.coordinator.group.GroupCoordinator)
[2022-02-20 01:23:16,790] INFO [GroupCoordinator 0]: Assignment received from leader console-consumer-18c685cd-bcc9-4f4a-97ce-120169ae6e16 for group console-consumer-62444 for generation 1. The group has 1 members, 0 of which are static. (kafka.coordinator.group.GroupCoordinator)
[2022-02-20 01:24:04,354] INFO [GroupCoordinator 0]: Preparing to rebalance group console-consumer-62444 in state PreparingRebalance with old generation 1 (__consumer_offsets-21) (reason: Removing member console-consumer-18c685cd-bcc9-4f4a-97ce-120169ae6e16 on LeaveGroup) (kafka.coordinator.group.GroupCoordinator)
[2022-02-20 01:24:04,355] INFO [GroupCoordinator 0]: Group console-consumer-62444 with generation 2 is now empty (__consumer_offsets-21) (kafka.coordinator.group.GroupCoordinator)
[2022-02-20 01:24:04,355] INFO [GroupCoordinator 0]: Member MemberMetadata(memberId=console-consumer-18c685cd-bcc9-4f4a-97ce-120169ae6e16, groupInstanceId=None, clientId=console-consumer, clientHost=/127.0.0.1, sessionTimeoutMs=45000, rebalanceTimeoutMs=300000, supportedProtocols=List(range, cooperative-sticky)) has left group console-consumer-62444 through explicit `LeaveGroup` request (kafka.coordinator.group.GroupCoordinator)
[2022-02-20 01:25:41,339] INFO [GroupCoordinator 0]: Dynamic member with unknown member id joins group console-consumer-53881 in Empty state. Created a new member id console-consumer-262a72fb-d56d-41b3-a3a2-d0a821359d0a and request the member to rejoin with this id. (kafka.coordinator.group.GroupCoordinator)
[2022-02-20 01:25:41,342] INFO [GroupCoordinator 0]: Preparing to rebalance group console-consumer-53881 in state PreparingRebalance with old generation 0 (__consumer_offsets-6) (reason: Adding new member console-consumer-262a72fb-d56d-41b3-a3a2-d0a821359d0a with group instance id None) (kafka.coordinator.group.GroupCoordinator)
[2022-02-20 01:25:41,342] INFO [GroupCoordinator 0]: Stabilized group console-consumer-53881 generation 1 (__consumer_offsets-6) with 1 members (kafka.coordinator.group.GroupCoordinator)
[2022-02-20 01:25:41,348] INFO [GroupCoordinator 0]: Assignment received from leader console-consumer-262a72fb-d56d-41b3-a3a2-d0a821359d0a for group console-consumer-53881 for generation 1. The group has 1 members, 0 of which are static. (kafka.coordinator.group.GroupCoordinator)
[2022-02-20 01:26:42,202] INFO [GroupCoordinator 0]: Dynamic member with unknown member id joins group console-consumer-14011 in Empty state. Created a new member id console-consumer-22fa17ed-222e-4e72-8bab-3e9785a40fe7 and request the member to rejoin with this id. (kafka.coordinator.group.GroupCoordinator)
[2022-02-20 01:26:42,204] INFO [GroupCoordinator 0]: Preparing to rebalance group console-consumer-14011 in state PreparingRebalance with old generation 0 (__consumer_offsets-8) (reason: Adding new member console-consumer-22fa17ed-222e-4e72-8bab-3e9785a40fe7 with group instance id None) (kafka.coordinator.group.GroupCoordinator)
[2022-02-20 01:26:42,205] INFO [GroupCoordinator 0]: Stabilized group console-consumer-14011 generation 1 (__consumer_offsets-8) with 1 members (kafka.coordinator.group.GroupCoordinator)
[2022-02-20 01:26:42,211] INFO [GroupCoordinator 0]: Assignment received from leader console-consumer-22fa17ed-222e-4e72-8bab-3e9785a40fe7 for group console-consumer-14011 for generation 1. The group has 1 members, 0 of which are static. (kafka.coordinator.group.GroupCoordinator)
[2022-02-20 01:31:38,076] INFO [GroupMetadataManager brokerId=0] Group console-consumer-62444 transitioned to Dead in generation 2 (kafka.coordinator.group.GroupMetadataManager)
